#
# There is insufficient memory for the Java Runtime Environment to continue.
# Native memory allocation (malloc) failed to allocate 1516256 bytes. Error detail: Chunk::new
# Possible reasons:
#   The system is out of physical RAM or swap space
#   This process is running with CompressedOops enabled, and the Java Heap may be blocking the growth of the native heap
# Possible solutions:
#   Reduce memory load on the system
#   Increase physical memory or swap space
#   Check if swap backing store is full
#   Decrease Java heap size (-Xmx/-Xms)
#   Decrease number of Java threads
#   Decrease Java thread stack sizes (-Xss)
#   Set larger code cache with -XX:ReservedCodeCacheSize=
#   JVM is running with Unscaled Compressed Oops mode in which the Java heap is
#     placed in the first 4GB address space. The Java Heap base address is the
#     maximum limit for the native heap growth. Please use -XX:HeapBaseMinAddress
#     to set the Java Heap base and to place the Java Heap above 4GB virtual address.
# This output file may be truncated or incomplete.
#
#  Out of Memory Error (arena.cpp:191), pid=7316, tid=780
#
# JRE version: OpenJDK Runtime Environment Corretto-17.0.14.7.1 (17.0.14+7) (build 17.0.14+7-LTS)
# Java VM: OpenJDK 64-Bit Server VM Corretto-17.0.14.7.1 (17.0.14+7-LTS, mixed mode, sharing, tiered, compressed oops, compressed class ptrs, g1 gc, windows-amd64)
# No core dump will be written. Minidumps are not enabled by default on client versions of Windows
#

---------------  S U M M A R Y ------------

Command Line: org.jetbrains.kotlin.cli.jvm.K2JVMCompiler @G:\Andoid Projects\Tradeveil Project\Source Code\Tradeveil\app\build\20250329_7676705343125318075.compiler.options

Host: Intel(R) Core(TM) i5-8365U CPU @ 1.60GHz, 8 cores, 7G,  Windows 11 , 64 bit Build 22621 (10.0.22621.5124)
Time: Sat Mar 29 02:57:30 2025 Pakistan Standard Time elapsed time: 8.302844 seconds (0d 0h 0m 8s)

---------------  T H R E A D  ---------------

Current thread (0x000001b4e2256600):  JavaThread "C2 CompilerThread1" daemon [_thread_in_native, id=780, stack(0x00000070fc800000,0x00000070fc900000)]


Current CompileTask:
C2:   8302 9487       4       org.jetbrains.kotlin.ir.util.IrFakeOverrideUtilsKt::collectAndFilterRealOverrides$collectRealOverrides (157 bytes)

Stack: [0x00000070fc800000,0x00000070fc900000]
Native frames: (J=compiled Java code, j=interpreted, Vv=VM code, C=native code)
V  [jvm.dll+0x681069]
V  [jvm.dll+0x838cca]
V  [jvm.dll+0x83a78e]
V  [jvm.dll+0x83adf3]
V  [jvm.dll+0x24826f]
V  [jvm.dll+0xac9f4]
V  [jvm.dll+0xad03c]
V  [jvm.dll+0x367937]
V  [jvm.dll+0x1bd472]
V  [jvm.dll+0x21a909]
V  [jvm.dll+0x219bf1]
V  [jvm.dll+0x1a599d]
V  [jvm.dll+0x22994d]
V  [jvm.dll+0x227adc]
V  [jvm.dll+0x7edb77]
V  [jvm.dll+0x7e7f6c]
V  [jvm.dll+0x67ff37]
C  [ucrtbase.dll+0x29333]
C  [KERNEL32.DLL+0x1259d]
C  [ntdll.dll+0x5af38]


---------------  P R O C E S S  ---------------

Threads class SMR info:
_java_thread_list=0x000001b4e220a2a0, length=13, elements={
0x000001b4feba8000, 0x000001b49cecea80, 0x000001b49cecf900, 0x000001b49cee6cc0,
0x000001b49cee7880, 0x000001b49ceea250, 0x000001b49ceeac10, 0x000001b49cef39d0,
0x000001b49cef7980, 0x000001b49cefa390, 0x000001b4e2200210, 0x000001b4e22039d0,
0x000001b4e2256600
}

Java Threads: ( => current thread )
  0x000001b4feba8000 JavaThread "main" [_thread_in_Java, id=20676, stack(0x00000070fb500000,0x00000070fb600000)]
  0x000001b49cecea80 JavaThread "Reference Handler" daemon [_thread_blocked, id=19256, stack(0x00000070fbc00000,0x00000070fbd00000)]
  0x000001b49cecf900 JavaThread "Finalizer" daemon [_thread_blocked, id=3848, stack(0x00000070fbd00000,0x00000070fbe00000)]
  0x000001b49cee6cc0 JavaThread "Signal Dispatcher" daemon [_thread_blocked, id=23476, stack(0x00000070fbe00000,0x00000070fbf00000)]
  0x000001b49cee7880 JavaThread "Attach Listener" daemon [_thread_blocked, id=18180, stack(0x00000070fbf00000,0x00000070fc000000)]
  0x000001b49ceea250 JavaThread "Service Thread" daemon [_thread_blocked, id=20844, stack(0x00000070fc000000,0x00000070fc100000)]
  0x000001b49ceeac10 JavaThread "Monitor Deflation Thread" daemon [_thread_blocked, id=11796, stack(0x00000070fc100000,0x00000070fc200000)]
  0x000001b49cef39d0 JavaThread "C2 CompilerThread0" daemon [_thread_in_native, id=22192, stack(0x00000070fc200000,0x00000070fc300000)]
  0x000001b49cef7980 JavaThread "C1 CompilerThread0" daemon [_thread_blocked, id=11420, stack(0x00000070fc300000,0x00000070fc400000)]
  0x000001b49cefa390 JavaThread "Sweeper thread" daemon [_thread_blocked, id=22864, stack(0x00000070fc400000,0x00000070fc500000)]
  0x000001b4e2200210 JavaThread "Notification Thread" daemon [_thread_blocked, id=23164, stack(0x00000070fc500000,0x00000070fc600000)]
  0x000001b4e22039d0 JavaThread "Common-Cleaner" daemon [_thread_blocked, id=21164, stack(0x00000070fc700000,0x00000070fc800000)]
=>0x000001b4e2256600 JavaThread "C2 CompilerThread1" daemon [_thread_in_native, id=780, stack(0x00000070fc800000,0x00000070fc900000)]

Other Threads:
  0x000001b49cec93e0 VMThread "VM Thread" [stack: 0x00000070fbb00000,0x00000070fbc00000] [id=12448]
  0x000001b4e2202f10 WatcherThread [stack: 0x00000070fc600000,0x00000070fc700000] [id=19172]
  0x000001b4fec05a50 GCTaskThread "GC Thread#0" [stack: 0x00000070fb600000,0x00000070fb700000] [id=20568]
  0x000001b4e275c050 GCTaskThread "GC Thread#1" [stack: 0x00000070fc900000,0x00000070fca00000] [id=10176]
  0x000001b4e275c720 GCTaskThread "GC Thread#2" [stack: 0x00000070fca00000,0x00000070fcb00000] [id=14952]
  0x000001b4e276c5d0 GCTaskThread "GC Thread#3" [stack: 0x00000070fcb00000,0x00000070fcc00000] [id=7900]
  0x000001b4e276c890 GCTaskThread "GC Thread#4" [stack: 0x00000070fcc00000,0x00000070fcd00000] [id=9800]
  0x000001b4e276d360 GCTaskThread "GC Thread#5" [stack: 0x00000070fcd00000,0x00000070fce00000] [id=18208]
  0x000001b4e2905890 GCTaskThread "GC Thread#6" [stack: 0x00000070fce00000,0x00000070fcf00000] [id=22428]
  0x000001b4e2a0bca0 GCTaskThread "GC Thread#7" [stack: 0x00000070fcf00000,0x00000070fd000000] [id=9616]
  0x000001b4fec163a0 ConcurrentGCThread "G1 Main Marker" [stack: 0x00000070fb700000,0x00000070fb800000] [id=11808]
  0x000001b4fec17560 ConcurrentGCThread "G1 Conc#0" [stack: 0x00000070fb800000,0x00000070fb900000] [id=14072]
  0x000001b4e302bef0 ConcurrentGCThread "G1 Conc#1" [stack: 0x00000070fd000000,0x00000070fd100000] [id=18896]
  0x000001b49cd820d0 ConcurrentGCThread "G1 Refine#0" [stack: 0x00000070fb900000,0x00000070fba00000] [id=16328]
  0x000001b4e3b5e100 ConcurrentGCThread "G1 Refine#1" [stack: 0x00000070fd100000,0x00000070fd200000] [id=6780]
  0x000001b4e3b5d540 ConcurrentGCThread "G1 Refine#2" [stack: 0x00000070fd200000,0x00000070fd300000] [id=2492]
  0x000001b4e3b5c980 ConcurrentGCThread "G1 Refine#3" [stack: 0x00000070fd300000,0x00000070fd400000] [id=17868]
  0x000001b49cd82b00 ConcurrentGCThread "G1 Service" [stack: 0x00000070fba00000,0x00000070fbb00000] [id=18972]

Threads with active compile tasks:
C2 CompilerThread0     8328 9653       4       org.jetbrains.kotlin.backend.common.lower.DefaultArgumentFunctionFactory::findBaseFunctionWithDefaultArgumentsFor$dfsImpl (253 bytes)
C2 CompilerThread1     8328 9487       4       org.jetbrains.kotlin.ir.util.IrFakeOverrideUtilsKt::collectAndFilterRealOverrides$collectRealOverrides (157 bytes)

VM state: not at safepoint (normal execution)

VM Mutex/Monitor currently owned by a thread: None

Heap address: 0x0000000083000000, size: 2000 MB, Compressed Oops mode: 32-bit

CDS archive(s) mapped at: [0x000001b49d000000-0x000001b49dbb0000-0x000001b49dbb0000), size 12255232, SharedBaseAddress: 0x000001b49d000000, ArchiveRelocationMode: 1.
Compressed class space mapped at: 0x000001b49e000000-0x000001b4de000000, reserved size: 1073741824
Narrow klass base: 0x000001b49d000000, Narrow klass shift: 0, Narrow klass range: 0x100000000

GC Precious Log:
 CPUs: 8 total, 8 available
 Memory: 7998M
 Large Page Support: Disabled
 NUMA Support: Disabled
 Compressed Oops: Enabled (32-bit)
 Heap Region Size: 1M
 Heap Min Capacity: 8M
 Heap Initial Capacity: 126M
 Heap Max Capacity: 2000M
 Pre-touch: Disabled
 Parallel Workers: 8
 Concurrent Workers: 2
 Concurrent Refinement Workers: 8
 Periodic GC: Disabled

Heap:
 garbage-first heap   total 178176K, used 112335K [0x0000000083000000, 0x0000000100000000)
  region size 1024K, 56 young (57344K), 7 survivors (7168K)
 Metaspace       used 62423K, committed 62720K, reserved 1114112K
  class space    used 7084K, committed 7232K, reserved 1048576K

Heap Regions: E=young(eden), S=young(survivor), O=old, HS=humongous(starts), HC=humongous(continues), CS=collection set, F=free, OA=open archive, CA=closed archive, TAMS=top-at-mark-start (previous, next)
|   0|0x0000000083000000, 0x0000000083100000, 0x0000000083100000|100%|HS|  |TAMS 0x0000000083100000, 0x0000000083000000| Complete 
|   1|0x0000000083100000, 0x0000000083200000, 0x0000000083200000|100%|HC|  |TAMS 0x0000000083200000, 0x0000000083100000| Complete 
|   2|0x0000000083200000, 0x0000000083300000, 0x0000000083300000|100%|HC|  |TAMS 0x0000000083300000, 0x0000000083200000| Complete 
|   3|0x0000000083300000, 0x0000000083400000, 0x0000000083400000|100%|HC|  |TAMS 0x0000000083400000, 0x0000000083300000| Complete 
|   4|0x0000000083400000, 0x0000000083500000, 0x0000000083500000|100%| O|  |TAMS 0x0000000083500000, 0x0000000083400000| Untracked 
|   5|0x0000000083500000, 0x0000000083600000, 0x0000000083600000|100%| O|  |TAMS 0x0000000083600000, 0x0000000083500000| Untracked 
|   6|0x0000000083600000, 0x0000000083700000, 0x0000000083700000|100%| O|  |TAMS 0x0000000083700000, 0x0000000083600000| Untracked 
|   7|0x0000000083700000, 0x0000000083800000, 0x0000000083800000|100%| O|  |TAMS 0x0000000083800000, 0x0000000083700000| Untracked 
|   8|0x0000000083800000, 0x0000000083900000, 0x0000000083900000|100%| O|  |TAMS 0x0000000083900000, 0x0000000083800000| Untracked 
|   9|0x0000000083900000, 0x0000000083a00000, 0x0000000083a00000|100%| O|  |TAMS 0x0000000083a00000, 0x0000000083900000| Untracked 
|  10|0x0000000083a00000, 0x0000000083b00000, 0x0000000083b00000|100%| O|  |TAMS 0x0000000083b00000, 0x0000000083a00000| Untracked 
|  11|0x0000000083b00000, 0x0000000083c00000, 0x0000000083c00000|100%| O|  |TAMS 0x0000000083c00000, 0x0000000083b00000| Untracked 
|  12|0x0000000083c00000, 0x0000000083d00000, 0x0000000083d00000|100%| O|  |TAMS 0x0000000083d00000, 0x0000000083c00000| Untracked 
|  13|0x0000000083d00000, 0x0000000083e00000, 0x0000000083e00000|100%| O|  |TAMS 0x0000000083e00000, 0x0000000083d00000| Untracked 
|  14|0x0000000083e00000, 0x0000000083f00000, 0x0000000083f00000|100%| O|  |TAMS 0x0000000083f00000, 0x0000000083e00000| Untracked 
|  15|0x0000000083f00000, 0x0000000084000000, 0x0000000084000000|100%| O|  |TAMS 0x0000000084000000, 0x0000000083f00000| Untracked 
|  16|0x0000000084000000, 0x0000000084100000, 0x0000000084100000|100%| O|  |TAMS 0x0000000084100000, 0x0000000084000000| Untracked 
|  17|0x0000000084100000, 0x0000000084200000, 0x0000000084200000|100%| O|  |TAMS 0x0000000084100000, 0x0000000084100000| Untracked 
|  18|0x0000000084200000, 0x0000000084300000, 0x0000000084300000|100%|HS|  |TAMS 0x0000000084300000, 0x0000000084200000| Complete 
|  19|0x0000000084300000, 0x0000000084400000, 0x0000000084400000|100%|HC|  |TAMS 0x0000000084400000, 0x0000000084300000| Complete 
|  20|0x0000000084400000, 0x0000000084500000, 0x0000000084500000|100%| O|  |TAMS 0x0000000084500000, 0x0000000084400000| Untracked 
|  21|0x0000000084500000, 0x0000000084600000, 0x0000000084600000|100%| O|  |TAMS 0x0000000084600000, 0x0000000084500000| Untracked 
|  22|0x0000000084600000, 0x0000000084700000, 0x0000000084700000|100%| O|  |TAMS 0x0000000084700000, 0x0000000084600000| Untracked 
|  23|0x0000000084700000, 0x0000000084800000, 0x0000000084800000|100%| O|  |TAMS 0x0000000084800000, 0x0000000084700000| Untracked 
|  24|0x0000000084800000, 0x0000000084900000, 0x0000000084900000|100%| O|  |TAMS 0x0000000084900000, 0x0000000084800000| Untracked 
|  25|0x0000000084900000, 0x0000000084a00000, 0x0000000084a00000|100%| O|  |TAMS 0x0000000084a00000, 0x0000000084900000| Untracked 
|  26|0x0000000084a00000, 0x0000000084b00000, 0x0000000084b00000|100%| O|  |TAMS 0x0000000084b00000, 0x0000000084a00000| Untracked 
|  27|0x0000000084b00000, 0x0000000084c00000, 0x0000000084c00000|100%| O|  |TAMS 0x0000000084c00000, 0x0000000084b00000| Untracked 
|  28|0x0000000084c00000, 0x0000000084d00000, 0x0000000084d00000|100%| O|  |TAMS 0x0000000084d00000, 0x0000000084c00000| Untracked 
|  29|0x0000000084d00000, 0x0000000084e00000, 0x0000000084e00000|100%| O|  |TAMS 0x0000000084e00000, 0x0000000084d00000| Untracked 
|  30|0x0000000084e00000, 0x0000000084f00000, 0x0000000084f00000|100%| O|  |TAMS 0x0000000084f00000, 0x0000000084e00000| Untracked 
|  31|0x0000000084f00000, 0x0000000085000000, 0x0000000085000000|100%| O|  |TAMS 0x0000000085000000, 0x0000000084f00000| Untracked 
|  32|0x0000000085000000, 0x0000000085100000, 0x0000000085100000|100%| O|  |TAMS 0x0000000085000000, 0x0000000085000000| Untracked 
|  33|0x0000000085100000, 0x0000000085200000, 0x0000000085200000|100%| O|  |TAMS 0x0000000085100000, 0x0000000085100000| Untracked 
|  34|0x0000000085200000, 0x0000000085300000, 0x0000000085300000|100%| O|  |TAMS 0x0000000085200000, 0x0000000085200000| Untracked 
|  35|0x0000000085300000, 0x0000000085400000, 0x0000000085400000|100%| O|  |TAMS 0x0000000085300000, 0x0000000085300000| Untracked 
|  36|0x0000000085400000, 0x0000000085500000, 0x0000000085500000|100%| O|  |TAMS 0x0000000085400000, 0x0000000085400000| Untracked 
|  37|0x0000000085500000, 0x0000000085600000, 0x0000000085600000|100%| O|  |TAMS 0x0000000085500000, 0x0000000085500000| Untracked 
|  38|0x0000000085600000, 0x0000000085700000, 0x0000000085700000|100%| O|  |TAMS 0x0000000085600000, 0x0000000085600000| Untracked 
|  39|0x0000000085700000, 0x0000000085800000, 0x0000000085800000|100%| O|  |TAMS 0x0000000085800000, 0x0000000085700000| Untracked 
|  40|0x0000000085800000, 0x0000000085900000, 0x0000000085900000|100%| O|  |TAMS 0x0000000085900000, 0x0000000085800000| Untracked 
|  41|0x0000000085900000, 0x0000000085a00000, 0x0000000085a00000|100%| O|  |TAMS 0x0000000085900000, 0x0000000085900000| Untracked 
|  42|0x0000000085a00000, 0x0000000085b00000, 0x0000000085b00000|100%| O|  |TAMS 0x0000000085a00000, 0x0000000085a00000| Untracked 
|  43|0x0000000085b00000, 0x0000000085c00000, 0x0000000085c00000|100%| O|  |TAMS 0x0000000085b00000, 0x0000000085b00000| Untracked 
|  44|0x0000000085c00000, 0x0000000085d00000, 0x0000000085d00000|100%| O|  |TAMS 0x0000000085c00000, 0x0000000085c00000| Untracked 
|  45|0x0000000085d00000, 0x0000000085e00000, 0x0000000085e00000|100%| O|  |TAMS 0x0000000085d00000, 0x0000000085d00000| Untracked 
|  46|0x0000000085e00000, 0x0000000085f00000, 0x0000000085f00000|100%| O|  |TAMS 0x0000000085e00000, 0x0000000085e00000| Untracked 
|  47|0x0000000085f00000, 0x0000000086000000, 0x0000000086000000|100%| O|  |TAMS 0x0000000085f00000, 0x0000000085f00000| Untracked 
|  48|0x0000000086000000, 0x0000000086100000, 0x0000000086100000|100%| O|  |TAMS 0x0000000086000000, 0x0000000086000000| Untracked 
|  49|0x0000000086100000, 0x0000000086200000, 0x0000000086200000|100%| O|  |TAMS 0x0000000086100000, 0x0000000086100000| Untracked 
|  50|0x0000000086200000, 0x0000000086300000, 0x0000000086300000|100%| O|  |TAMS 0x0000000086200000, 0x0000000086200000| Untracked 
|  51|0x0000000086300000, 0x0000000086400000, 0x0000000086400000|100%| O|  |TAMS 0x0000000086300000, 0x0000000086300000| Untracked 
|  52|0x0000000086400000, 0x0000000086500000, 0x0000000086500000|100%| O|  |TAMS 0x0000000086400000, 0x0000000086400000| Untracked 
|  53|0x0000000086500000, 0x0000000086600000, 0x0000000086600000|100%| O|  |TAMS 0x0000000086500000, 0x0000000086500000| Untracked 
|  54|0x0000000086600000, 0x00000000866b3c00, 0x0000000086700000| 70%| O|  |TAMS 0x0000000086600000, 0x0000000086600000| Untracked 
|  55|0x0000000086700000, 0x0000000086700000, 0x0000000086800000|  0%| F|  |TAMS 0x0000000086700000, 0x0000000086700000| Untracked 
|  56|0x0000000086800000, 0x0000000086800000, 0x0000000086900000|  0%| F|  |TAMS 0x0000000086800000, 0x0000000086800000| Untracked 
|  57|0x0000000086900000, 0x0000000086900000, 0x0000000086a00000|  0%| F|  |TAMS 0x0000000086900000, 0x0000000086900000| Untracked 
|  58|0x0000000086a00000, 0x0000000086a00000, 0x0000000086b00000|  0%| F|  |TAMS 0x0000000086a00000, 0x0000000086a00000| Untracked 
|  59|0x0000000086b00000, 0x0000000086b00000, 0x0000000086c00000|  0%| F|  |TAMS 0x0000000086b00000, 0x0000000086b00000| Untracked 
|  60|0x0000000086c00000, 0x0000000086c00000, 0x0000000086d00000|  0%| F|  |TAMS 0x0000000086c00000, 0x0000000086c00000| Untracked 
|  61|0x0000000086d00000, 0x0000000086d00000, 0x0000000086e00000|  0%| F|  |TAMS 0x0000000086d00000, 0x0000000086d00000| Untracked 
|  62|0x0000000086e00000, 0x0000000086e00000, 0x0000000086f00000|  0%| F|  |TAMS 0x0000000086e00000, 0x0000000086e00000| Untracked 
|  63|0x0000000086f00000, 0x0000000086f00000, 0x0000000087000000|  0%| F|  |TAMS 0x0000000086f00000, 0x0000000086f00000| Untracked 
|  64|0x0000000087000000, 0x0000000087000000, 0x0000000087100000|  0%| F|  |TAMS 0x0000000087000000, 0x0000000087000000| Untracked 
|  65|0x0000000087100000, 0x0000000087100000, 0x0000000087200000|  0%| F|  |TAMS 0x0000000087100000, 0x0000000087100000| Untracked 
|  66|0x0000000087200000, 0x0000000087200000, 0x0000000087300000|  0%| F|  |TAMS 0x0000000087200000, 0x0000000087200000| Untracked 
|  67|0x0000000087300000, 0x0000000087300000, 0x0000000087400000|  0%| F|  |TAMS 0x0000000087300000, 0x0000000087300000| Untracked 
|  68|0x0000000087400000, 0x0000000087400000, 0x0000000087500000|  0%| F|  |TAMS 0x0000000087400000, 0x0000000087400000| Untracked 
|  69|0x0000000087500000, 0x0000000087500000, 0x0000000087600000|  0%| F|  |TAMS 0x0000000087500000, 0x0000000087500000| Untracked 
|  70|0x0000000087600000, 0x0000000087600000, 0x0000000087700000|  0%| F|  |TAMS 0x0000000087600000, 0x0000000087600000| Untracked 
|  71|0x0000000087700000, 0x0000000087700000, 0x0000000087800000|  0%| F|  |TAMS 0x0000000087700000, 0x0000000087700000| Untracked 
|  72|0x0000000087800000, 0x0000000087800000, 0x0000000087900000|  0%| F|  |TAMS 0x0000000087800000, 0x0000000087800000| Untracked 
|  73|0x0000000087900000, 0x0000000087900000, 0x0000000087a00000|  0%| F|  |TAMS 0x0000000087900000, 0x0000000087900000| Untracked 
|  74|0x0000000087a00000, 0x0000000087a00000, 0x0000000087b00000|  0%| F|  |TAMS 0x0000000087a00000, 0x0000000087a00000| Untracked 
|  75|0x0000000087b00000, 0x0000000087b00000, 0x0000000087c00000|  0%| F|  |TAMS 0x0000000087b00000, 0x0000000087b00000| Untracked 
|  76|0x0000000087c00000, 0x0000000087c00000, 0x0000000087d00000|  0%| F|  |TAMS 0x0000000087c00000, 0x0000000087c00000| Untracked 
|  77|0x0000000087d00000, 0x0000000087d00000, 0x0000000087e00000|  0%| F|  |TAMS 0x0000000087d00000, 0x0000000087d00000| Untracked 
|  78|0x0000000087e00000, 0x0000000087e00000, 0x0000000087f00000|  0%| F|  |TAMS 0x0000000087e00000, 0x0000000087e00000| Untracked 
|  79|0x0000000087f00000, 0x0000000087f00000, 0x0000000088000000|  0%| F|  |TAMS 0x0000000087f00000, 0x0000000087f00000| Untracked 
|  80|0x0000000088000000, 0x0000000088000000, 0x0000000088100000|  0%| F|  |TAMS 0x0000000088000000, 0x0000000088000000| Untracked 
|  81|0x0000000088100000, 0x0000000088100000, 0x0000000088200000|  0%| F|  |TAMS 0x0000000088100000, 0x0000000088100000| Untracked 
|  82|0x0000000088200000, 0x0000000088200000, 0x0000000088300000|  0%| F|  |TAMS 0x0000000088200000, 0x0000000088200000| Untracked 
|  83|0x0000000088300000, 0x0000000088300000, 0x0000000088400000|  0%| F|  |TAMS 0x0000000088300000, 0x0000000088300000| Untracked 
|  84|0x0000000088400000, 0x0000000088400000, 0x0000000088500000|  0%| F|  |TAMS 0x0000000088400000, 0x0000000088400000| Untracked 
|  85|0x0000000088500000, 0x0000000088500000, 0x0000000088600000|  0%| F|  |TAMS 0x0000000088500000, 0x0000000088500000| Untracked 
|  86|0x0000000088600000, 0x0000000088600000, 0x0000000088700000|  0%| F|  |TAMS 0x0000000088600000, 0x0000000088600000| Untracked 
|  87|0x0000000088700000, 0x0000000088700000, 0x0000000088800000|  0%| F|  |TAMS 0x0000000088700000, 0x0000000088700000| Untracked 
|  88|0x0000000088800000, 0x0000000088800000, 0x0000000088900000|  0%| F|  |TAMS 0x0000000088800000, 0x0000000088800000| Untracked 
|  89|0x0000000088900000, 0x0000000088900000, 0x0000000088a00000|  0%| F|  |TAMS 0x0000000088900000, 0x0000000088900000| Untracked 
|  90|0x0000000088a00000, 0x0000000088b00000, 0x0000000088b00000|100%| S|CS|TAMS 0x0000000088a00000, 0x0000000088a00000| Complete 
|  91|0x0000000088b00000, 0x0000000088c00000, 0x0000000088c00000|100%| S|CS|TAMS 0x0000000088b00000, 0x0000000088b00000| Complete 
|  92|0x0000000088c00000, 0x0000000088d00000, 0x0000000088d00000|100%| S|CS|TAMS 0x0000000088c00000, 0x0000000088c00000| Complete 
|  93|0x0000000088d00000, 0x0000000088e00000, 0x0000000088e00000|100%| S|CS|TAMS 0x0000000088d00000, 0x0000000088d00000| Complete 
|  94|0x0000000088e00000, 0x0000000088f00000, 0x0000000088f00000|100%| S|CS|TAMS 0x0000000088e00000, 0x0000000088e00000| Complete 
|  95|0x0000000088f00000, 0x0000000089000000, 0x0000000089000000|100%| S|CS|TAMS 0x0000000088f00000, 0x0000000088f00000| Complete 
|  96|0x0000000089000000, 0x0000000089100000, 0x0000000089100000|100%| S|CS|TAMS 0x0000000089000000, 0x0000000089000000| Complete 
|  97|0x0000000089100000, 0x0000000089100000, 0x0000000089200000|  0%| F|  |TAMS 0x0000000089100000, 0x0000000089100000| Untracked 
|  98|0x0000000089200000, 0x0000000089200000, 0x0000000089300000|  0%| F|  |TAMS 0x0000000089200000, 0x0000000089200000| Untracked 
|  99|0x0000000089300000, 0x0000000089300000, 0x0000000089400000|  0%| F|  |TAMS 0x0000000089300000, 0x0000000089300000| Untracked 
| 100|0x0000000089400000, 0x0000000089400000, 0x0000000089500000|  0%| F|  |TAMS 0x0000000089400000, 0x0000000089400000| Untracked 
| 101|0x0000000089500000, 0x0000000089500000, 0x0000000089600000|  0%| F|  |TAMS 0x0000000089500000, 0x0000000089500000| Untracked 
| 102|0x0000000089600000, 0x0000000089600000, 0x0000000089700000|  0%| F|  |TAMS 0x0000000089600000, 0x0000000089600000| Untracked 
| 103|0x0000000089700000, 0x0000000089700000, 0x0000000089800000|  0%| F|  |TAMS 0x0000000089700000, 0x0000000089700000| Untracked 
| 104|0x0000000089800000, 0x0000000089800000, 0x0000000089900000|  0%| F|  |TAMS 0x0000000089800000, 0x0000000089800000| Untracked 
| 105|0x0000000089900000, 0x0000000089900000, 0x0000000089a00000|  0%| F|  |TAMS 0x0000000089900000, 0x0000000089900000| Untracked 
| 106|0x0000000089a00000, 0x0000000089a00000, 0x0000000089b00000|  0%| F|  |TAMS 0x0000000089a00000, 0x0000000089a00000| Untracked 
| 107|0x0000000089b00000, 0x0000000089b00000, 0x0000000089c00000|  0%| F|  |TAMS 0x0000000089b00000, 0x0000000089b00000| Untracked 
| 108|0x0000000089c00000, 0x0000000089c00000, 0x0000000089d00000|  0%| F|  |TAMS 0x0000000089c00000, 0x0000000089c00000| Untracked 
| 109|0x0000000089d00000, 0x0000000089d00000, 0x0000000089e00000|  0%| F|  |TAMS 0x0000000089d00000, 0x0000000089d00000| Untracked 
| 110|0x0000000089e00000, 0x0000000089e00000, 0x0000000089f00000|  0%| F|  |TAMS 0x0000000089e00000, 0x0000000089e00000| Untracked 
| 111|0x0000000089f00000, 0x0000000089f00000, 0x000000008a000000|  0%| F|  |TAMS 0x0000000089f00000, 0x0000000089f00000| Untracked 
| 112|0x000000008a000000, 0x000000008a000000, 0x000000008a100000|  0%| F|  |TAMS 0x000000008a000000, 0x000000008a000000| Untracked 
| 113|0x000000008a100000, 0x000000008a100000, 0x000000008a200000|  0%| F|  |TAMS 0x000000008a100000, 0x000000008a100000| Untracked 
| 114|0x000000008a200000, 0x000000008a200000, 0x000000008a300000|  0%| F|  |TAMS 0x000000008a200000, 0x000000008a200000| Untracked 
| 115|0x000000008a300000, 0x000000008a300000, 0x000000008a400000|  0%| F|  |TAMS 0x000000008a300000, 0x000000008a300000| Untracked 
| 116|0x000000008a400000, 0x000000008a400000, 0x000000008a500000|  0%| F|  |TAMS 0x000000008a400000, 0x000000008a400000| Untracked 
| 117|0x000000008a500000, 0x000000008a500000, 0x000000008a600000|  0%| F|  |TAMS 0x000000008a500000, 0x000000008a500000| Untracked 
| 118|0x000000008a600000, 0x000000008a600000, 0x000000008a700000|  0%| F|  |TAMS 0x000000008a600000, 0x000000008a600000| Untracked 
| 119|0x000000008a700000, 0x000000008a700000, 0x000000008a800000|  0%| F|  |TAMS 0x000000008a700000, 0x000000008a700000| Untracked 
| 120|0x000000008a800000, 0x000000008a800000, 0x000000008a900000|  0%| F|  |TAMS 0x000000008a800000, 0x000000008a800000| Untracked 
| 121|0x000000008a900000, 0x000000008a900000, 0x000000008aa00000|  0%| F|  |TAMS 0x000000008a900000, 0x000000008a900000| Untracked 
| 122|0x000000008aa00000, 0x000000008aa00000, 0x000000008ab00000|  0%| F|  |TAMS 0x000000008aa00000, 0x000000008aa00000| Untracked 
| 123|0x000000008ab00000, 0x000000008ab00000, 0x000000008ac00000|  0%| F|  |TAMS 0x000000008ab00000, 0x000000008ab00000| Untracked 
| 124|0x000000008ac00000, 0x000000008ad00000, 0x000000008ad00000|100%| E|  |TAMS 0x000000008ac00000, 0x000000008ac00000| Complete 
| 125|0x000000008ad00000, 0x000000008ae00000, 0x000000008ae00000|100%| E|CS|TAMS 0x000000008ad00000, 0x000000008ad00000| Complete 
| 126|0x000000008ae00000, 0x000000008af00000, 0x000000008af00000|100%| E|CS|TAMS 0x000000008ae00000, 0x000000008ae00000| Complete 
| 127|0x000000008af00000, 0x000000008b000000, 0x000000008b000000|100%| E|CS|TAMS 0x000000008af00000, 0x000000008af00000| Complete 
| 128|0x000000008b000000, 0x000000008b100000, 0x000000008b100000|100%| E|CS|TAMS 0x000000008b000000, 0x000000008b000000| Complete 
| 129|0x000000008b100000, 0x000000008b200000, 0x000000008b200000|100%| E|CS|TAMS 0x000000008b100000, 0x000000008b100000| Complete 
| 130|0x000000008b200000, 0x000000008b300000, 0x000000008b300000|100%| E|CS|TAMS 0x000000008b200000, 0x000000008b200000| Complete 
| 131|0x000000008b300000, 0x000000008b400000, 0x000000008b400000|100%| E|CS|TAMS 0x000000008b300000, 0x000000008b300000| Complete 
| 132|0x000000008b400000, 0x000000008b500000, 0x000000008b500000|100%| E|CS|TAMS 0x000000008b400000, 0x000000008b400000| Complete 
| 133|0x000000008b500000, 0x000000008b600000, 0x000000008b600000|100%| E|CS|TAMS 0x000000008b500000, 0x000000008b500000| Complete 
| 134|0x000000008b600000, 0x000000008b700000, 0x000000008b700000|100%| E|CS|TAMS 0x000000008b600000, 0x000000008b600000| Complete 
| 135|0x000000008b700000, 0x000000008b800000, 0x000000008b800000|100%| E|CS|TAMS 0x000000008b700000, 0x000000008b700000| Complete 
| 136|0x000000008b800000, 0x000000008b900000, 0x000000008b900000|100%| E|CS|TAMS 0x000000008b800000, 0x000000008b800000| Complete 
| 137|0x000000008b900000, 0x000000008ba00000, 0x000000008ba00000|100%| E|CS|TAMS 0x000000008b900000, 0x000000008b900000| Complete 
| 138|0x000000008ba00000, 0x000000008bb00000, 0x000000008bb00000|100%| E|CS|TAMS 0x000000008ba00000, 0x000000008ba00000| Complete 
| 139|0x000000008bb00000, 0x000000008bc00000, 0x000000008bc00000|100%| E|CS|TAMS 0x000000008bb00000, 0x000000008bb00000| Complete 
| 140|0x000000008bc00000, 0x000000008bd00000, 0x000000008bd00000|100%| E|CS|TAMS 0x000000008bc00000, 0x000000008bc00000| Complete 
| 141|0x000000008bd00000, 0x000000008be00000, 0x000000008be00000|100%| E|CS|TAMS 0x000000008bd00000, 0x000000008bd00000| Complete 
| 142|0x000000008be00000, 0x000000008bf00000, 0x000000008bf00000|100%| E|CS|TAMS 0x000000008be00000, 0x000000008be00000| Complete 
| 143|0x000000008bf00000, 0x000000008c000000, 0x000000008c000000|100%| E|CS|TAMS 0x000000008bf00000, 0x000000008bf00000| Complete 
| 144|0x000000008c000000, 0x000000008c100000, 0x000000008c100000|100%| E|CS|TAMS 0x000000008c000000, 0x000000008c000000| Complete 
| 145|0x000000008c100000, 0x000000008c200000, 0x000000008c200000|100%| E|CS|TAMS 0x000000008c100000, 0x000000008c100000| Complete 
| 146|0x000000008c200000, 0x000000008c300000, 0x000000008c300000|100%| E|CS|TAMS 0x000000008c200000, 0x000000008c200000| Complete 
| 147|0x000000008c300000, 0x000000008c400000, 0x000000008c400000|100%| E|CS|TAMS 0x000000008c300000, 0x000000008c300000| Complete 
| 148|0x000000008c400000, 0x000000008c500000, 0x000000008c500000|100%| E|CS|TAMS 0x000000008c400000, 0x000000008c400000| Complete 
| 149|0x000000008c500000, 0x000000008c600000, 0x000000008c600000|100%| E|CS|TAMS 0x000000008c500000, 0x000000008c500000| Complete 
| 150|0x000000008c600000, 0x000000008c700000, 0x000000008c700000|100%| E|CS|TAMS 0x000000008c600000, 0x000000008c600000| Complete 
| 151|0x000000008c700000, 0x000000008c800000, 0x000000008c800000|100%| E|CS|TAMS 0x000000008c700000, 0x000000008c700000| Complete 
| 152|0x000000008c800000, 0x000000008c900000, 0x000000008c900000|100%| E|CS|TAMS 0x000000008c800000, 0x000000008c800000| Complete 
| 153|0x000000008c900000, 0x000000008ca00000, 0x000000008ca00000|100%| E|CS|TAMS 0x000000008c900000, 0x000000008c900000| Complete 
| 154|0x000000008ca00000, 0x000000008cb00000, 0x000000008cb00000|100%| E|CS|TAMS 0x000000008ca00000, 0x000000008ca00000| Complete 
| 155|0x000000008cb00000, 0x000000008cc00000, 0x000000008cc00000|100%| E|CS|TAMS 0x000000008cb00000, 0x000000008cb00000| Complete 
| 156|0x000000008cc00000, 0x000000008cd00000, 0x000000008cd00000|100%| E|CS|TAMS 0x000000008cc00000, 0x000000008cc00000| Complete 
| 157|0x000000008cd00000, 0x000000008ce00000, 0x000000008ce00000|100%| E|CS|TAMS 0x000000008cd00000, 0x000000008cd00000| Complete 
| 158|0x000000008ce00000, 0x000000008cf00000, 0x000000008cf00000|100%| E|CS|TAMS 0x000000008ce00000, 0x000000008ce00000| Complete 
| 159|0x000000008cf00000, 0x000000008d000000, 0x000000008d000000|100%| E|CS|TAMS 0x000000008cf00000, 0x000000008cf00000| Complete 
| 176|0x000000008e000000, 0x000000008e100000, 0x000000008e100000|100%| E|CS|TAMS 0x000000008e000000, 0x000000008e000000| Complete 
| 177|0x000000008e100000, 0x000000008e200000, 0x000000008e200000|100%| E|CS|TAMS 0x000000008e100000, 0x000000008e100000| Complete 
| 178|0x000000008e200000, 0x000000008e300000, 0x000000008e300000|100%| E|CS|TAMS 0x000000008e200000, 0x000000008e200000| Complete 
| 179|0x000000008e300000, 0x000000008e400000, 0x000000008e400000|100%| E|CS|TAMS 0x000000008e300000, 0x000000008e300000| Complete 
| 180|0x000000008e400000, 0x000000008e500000, 0x000000008e500000|100%| E|CS|TAMS 0x000000008e400000, 0x000000008e400000| Complete 
| 181|0x000000008e500000, 0x000000008e600000, 0x000000008e600000|100%| E|CS|TAMS 0x000000008e500000, 0x000000008e500000| Complete 
| 182|0x000000008e600000, 0x000000008e700000, 0x000000008e700000|100%| E|CS|TAMS 0x000000008e600000, 0x000000008e600000| Complete 
| 183|0x000000008e700000, 0x000000008e800000, 0x000000008e800000|100%| E|CS|TAMS 0x000000008e700000, 0x000000008e700000| Complete 
| 184|0x000000008e800000, 0x000000008e900000, 0x000000008e900000|100%| E|CS|TAMS 0x000000008e800000, 0x000000008e800000| Complete 
| 185|0x000000008e900000, 0x000000008ea00000, 0x000000008ea00000|100%| E|CS|TAMS 0x000000008e900000, 0x000000008e900000| Complete 
| 186|0x000000008ea00000, 0x000000008eb00000, 0x000000008eb00000|100%| E|CS|TAMS 0x000000008ea00000, 0x000000008ea00000| Complete 
| 187|0x000000008eb00000, 0x000000008ec00000, 0x000000008ec00000|100%| E|CS|TAMS 0x000000008eb00000, 0x000000008eb00000| Complete 
| 188|0x000000008ec00000, 0x000000008ed00000, 0x000000008ed00000|100%| E|CS|TAMS 0x000000008ec00000, 0x000000008ec00000| Complete 
| 189|0x000000008ed00000, 0x000000008ee00000, 0x000000008ee00000|100%| E|CS|TAMS 0x000000008ed00000, 0x000000008ed00000| Complete 

Card table byte_map: [0x000001b4ff380000,0x000001b4ff770000] _byte_map_base: 0x000001b4fef68000

Marking Bits (Prev, Next): (CMBitMap*) 0x000001b4fec060b0, (CMBitMap*) 0x000001b4fec06070
 Prev Bits: [0x000001b4989c0000, 0x000001b49a900000)
 Next Bits: [0x000001b496a80000, 0x000001b4989c0000)

Polling page: 0x000001b4fca50000

Metaspace:

Usage:
  Non-class:     54.04 MB used.
      Class:      6.92 MB used.
       Both:     60.96 MB used.

Virtual space:
  Non-class space:       64.00 MB reserved,      54.19 MB ( 85%) committed,  1 nodes.
      Class space:        1.00 GB reserved,       7.06 MB ( <1%) committed,  1 nodes.
             Both:        1.06 GB reserved,      61.25 MB (  6%) committed. 

Chunk freelists:
   Non-Class:  8.59 MB
       Class:  8.97 MB
        Both:  17.56 MB

MaxMetaspaceSize: unlimited
CompressedClassSpaceSize: 1.00 GB
Initial GC threshold: 21.00 MB
Current GC threshold: 64.69 MB
CDS: on
MetaspaceReclaimPolicy: balanced
 - commit_granule_bytes: 65536.
 - commit_granule_words: 8192.
 - virtual_space_node_default_size: 8388608.
 - enlarge_chunks_in_place: 1.
 - new_chunks_are_fully_committed: 0.
 - uncommit_free_chunks: 1.
 - use_allocation_guard: 0.
 - handle_deallocations: 1.


Internal statistics:

num_allocs_failed_limit: 9.
num_arena_births: 256.
num_arena_deaths: 0.
num_vsnodes_births: 2.
num_vsnodes_deaths: 0.
num_space_committed: 978.
num_space_uncommitted: 0.
num_chunks_returned_to_freelist: 9.
num_chunks_taken_from_freelist: 2403.
num_chunk_merges: 9.
num_chunk_splits: 2021.
num_chunks_enlarged: 1843.
num_inconsistent_stats: 0.

CodeHeap 'non-profiled nmethods': size=120000Kb used=4129Kb max_used=4129Kb free=115871Kb
 bounds [0x000001b48f550000, 0x000001b48f960000, 0x000001b496a80000]
CodeHeap 'profiled nmethods': size=120000Kb used=21369Kb max_used=21369Kb free=98630Kb
 bounds [0x000001b487a80000, 0x000001b488f70000, 0x000001b48efb0000]
CodeHeap 'non-nmethods': size=5760Kb used=1386Kb max_used=1465Kb free=4373Kb
 bounds [0x000001b48efb0000, 0x000001b48f220000, 0x000001b48f550000]
 total_blobs=9173 nmethods=8458 adapters=625
 compilation: enabled
              stopped_count=0, restarted_count=0
 full_count=0

Compilation events (20 events):
Event: 8.255 Thread 0x000001b49cef7980 nmethod 9835 0x000001b48f956f10 code [0x000001b48f9570a0, 0x000001b48f957178]
Event: 8.257 Thread 0x000001b49cef7980 9836       2       org.jetbrains.kotlin.backend.common.lower.TailrecLowering$lower$1::visitDeclarationReference (6 bytes)
Event: 8.257 Thread 0x000001b49cef7980 nmethod 9836 0x000001b488f2d390 code [0x000001b488f2d600, 0x000001b488f2db88]
Event: 8.257 Thread 0x000001b49cef7980 9838       3       org.jetbrains.kotlin.ir.expressions.IrTypeOperatorCall::accept (15 bytes)
Event: 8.258 Thread 0x000001b49cef7980 nmethod 9838 0x000001b488f2df90 code [0x000001b488f2e1a0, 0x000001b488f2e828]
Event: 8.258 Thread 0x000001b49cef7980 9841       2       org.jetbrains.kotlin.backend.jvm.ir.IrInlineReferenceLocator::visitMemberAccess (13 bytes)
Event: 8.259 Thread 0x000001b49cef7980 nmethod 9841 0x000001b488f2ea90 code [0x000001b488f2ec80, 0x000001b488f2efc8]
Event: 8.259 Thread 0x000001b49cef7980 9842       2       org.jetbrains.kotlin.backend.jvm.ir.IrInlineReferenceLocator::visitMemberAccess (8 bytes)
Event: 8.259 Thread 0x000001b49cef7980 nmethod 9842 0x000001b488f2f210 code [0x000001b488f2f400, 0x000001b488f2f6e8]
Event: 8.259 Thread 0x000001b49cef7980 9839       2       org.jetbrains.kotlin.backend.common.lower.LocalDeclarationsLowering$LocalDeclarationsTransformer$collectLocalDeclarations$1::visitElement (13 bytes)
Event: 8.259 Thread 0x000001b49cef7980 nmethod 9839 0x000001b488f2f910 code [0x000001b488f2fb40, 0x000001b488f30008]
Event: 8.259 Thread 0x000001b49cef7980 9840       2       org.jetbrains.kotlin.backend.common.lower.LocalDeclarationsLowering$LocalDeclarationsTransformer$collectLocalDeclarations$1::visitElement (24 bytes)
Event: 8.260 Thread 0x000001b49cef7980 nmethod 9840 0x000001b488f30310 code [0x000001b488f30540, 0x000001b488f309c8]
Event: 8.260 Thread 0x000001b49cef7980 9837       2       org.jetbrains.kotlin.ir.declarations.impl.IrConstructorImpl::getSymbol (8 bytes)
Event: 8.260 Thread 0x000001b49cef7980 nmethod 9837 0x000001b488f30c90 code [0x000001b488f30e20, 0x000001b488f30f78]
Event: 8.260 Thread 0x000001b49cef7980 9843       2       org.jetbrains.kotlin.ir.visitors.IrElementTransformerVoid::visitInstanceInitializerCall (16 bytes)
Event: 8.260 Thread 0x000001b49cef7980 nmethod 9843 0x000001b488f31010 code [0x000001b488f31200, 0x000001b488f314e8]
Event: 8.261 Thread 0x000001b49cef7980 9844       2       org.jetbrains.kotlin.ir.util.IrUtilsKt::shallowCopy (35 bytes)
Event: 8.262 Thread 0x000001b49cef7980 nmethod 9844 0x000001b488f31710 code [0x000001b488f31900, 0x000001b488f31c48]
Event: 8.267 Thread 0x000001b49cef7980 9846       2       org.jetbrains.kotlin.backend.jvm.lower.ReplaceDefaultImplsOverriddenSymbols::visitExpression (6 bytes)

GC Heap History (20 events):
Event: 1.759 GC heap before
{Heap before GC invocations=5 (full 0):
 garbage-first heap   total 55296K, used 18053K [0x0000000083000000, 0x0000000100000000)
  region size 1024K, 4 young (4096K), 3 survivors (3072K)
 Metaspace       used 26259K, committed 26432K, reserved 1114112K
  class space    used 3351K, committed 3456K, reserved 1048576K
}
Event: 1.764 GC heap after
{Heap after GC invocations=6 (full 0):
 garbage-first heap   total 55296K, used 17583K [0x0000000083000000, 0x0000000100000000)
  region size 1024K, 1 young (1024K), 1 survivors (1024K)
 Metaspace       used 26259K, committed 26432K, reserved 1114112K
  class space    used 3351K, committed 3456K, reserved 1048576K
}
Event: 2.150 GC heap before
{Heap before GC invocations=6 (full 0):
 garbage-first heap   total 55296K, used 39087K [0x0000000083000000, 0x0000000100000000)
  region size 1024K, 22 young (22528K), 1 survivors (1024K)
 Metaspace       used 31474K, committed 31616K, reserved 1114112K
  class space    used 3944K, committed 4032K, reserved 1048576K
}
Event: 2.156 GC heap after
{Heap after GC invocations=7 (full 0):
 garbage-first heap   total 110592K, used 18397K [0x0000000083000000, 0x0000000100000000)
  region size 1024K, 2 young (2048K), 2 survivors (2048K)
 Metaspace       used 31474K, committed 31616K, reserved 1114112K
  class space    used 3944K, committed 4032K, reserved 1048576K
}
Event: 2.756 GC heap before
{Heap before GC invocations=7 (full 0):
 garbage-first heap   total 110592K, used 74717K [0x0000000083000000, 0x0000000100000000)
  region size 1024K, 55 young (56320K), 2 survivors (2048K)
 Metaspace       used 35723K, committed 35968K, reserved 1114112K
  class space    used 4410K, committed 4544K, reserved 1048576K
}
Event: 2.767 GC heap after
{Heap after GC invocations=8 (full 0):
 garbage-first heap   total 110592K, used 26710K [0x0000000083000000, 0x0000000100000000)
  region size 1024K, 8 young (8192K), 8 survivors (8192K)
 Metaspace       used 35723K, committed 35968K, reserved 1114112K
  class space    used 4410K, committed 4544K, reserved 1048576K
}
Event: 3.635 GC heap before
{Heap before GC invocations=9 (full 0):
 garbage-first heap   total 96256K, used 73814K [0x0000000083000000, 0x0000000100000000)
  region size 1024K, 55 young (56320K), 8 survivors (8192K)
 Metaspace       used 39023K, committed 39232K, reserved 1114112K
  class space    used 4685K, committed 4800K, reserved 1048576K
}
Event: 3.658 GC heap after
{Heap after GC invocations=10 (full 0):
 garbage-first heap   total 96256K, used 34964K [0x0000000083000000, 0x0000000100000000)
  region size 1024K, 7 young (7168K), 7 survivors (7168K)
 Metaspace       used 39023K, committed 39232K, reserved 1114112K
  class space    used 4685K, committed 4800K, reserved 1048576K
}
Event: 3.672 GC heap before
{Heap before GC invocations=10 (full 0):
 garbage-first heap   total 96256K, used 35988K [0x0000000083000000, 0x0000000100000000)
  region size 1024K, 8 young (8192K), 7 survivors (7168K)
 Metaspace       used 39028K, committed 39232K, reserved 1114112K
  class space    used 4685K, committed 4800K, reserved 1048576K
}
Event: 3.682 GC heap after
{Heap after GC invocations=11 (full 0):
 garbage-first heap   total 96256K, used 35840K [0x0000000083000000, 0x0000000100000000)
  region size 1024K, 1 young (1024K), 1 survivors (1024K)
 Metaspace       used 39028K, committed 39232K, reserved 1114112K
  class space    used 4685K, committed 4800K, reserved 1048576K
}
Event: 3.884 GC heap before
{Heap before GC invocations=11 (full 0):
 garbage-first heap   total 96256K, used 71680K [0x0000000083000000, 0x0000000100000000)
  region size 1024K, 36 young (36864K), 1 survivors (1024K)
 Metaspace       used 39455K, committed 39744K, reserved 1114112K
  class space    used 4710K, committed 4864K, reserved 1048576K
}
Event: 3.893 GC heap after
{Heap after GC invocations=12 (full 0):
 garbage-first heap   total 194560K, used 38912K [0x0000000083000000, 0x0000000100000000)
  region size 1024K, 4 young (4096K), 4 survivors (4096K)
 Metaspace       used 39455K, committed 39744K, reserved 1114112K
  class space    used 4710K, committed 4864K, reserved 1048576K
}
Event: 4.908 GC heap before
{Heap before GC invocations=13 (full 0):
 garbage-first heap   total 178176K, used 132096K [0x0000000083000000, 0x0000000100000000)
  region size 1024K, 95 young (97280K), 4 survivors (4096K)
 Metaspace       used 46293K, committed 46592K, reserved 1114112K
  class space    used 5623K, committed 5760K, reserved 1048576K
}
Event: 4.919 GC heap after
{Heap after GC invocations=14 (full 0):
 garbage-first heap   total 178176K, used 44032K [0x0000000083000000, 0x0000000100000000)
  region size 1024K, 9 young (9216K), 9 survivors (9216K)
 Metaspace       used 46293K, committed 46592K, reserved 1114112K
  class space    used 5623K, committed 5760K, reserved 1048576K
}
Event: 4.949 GC heap before
{Heap before GC invocations=14 (full 0):
 garbage-first heap   total 178176K, used 45056K [0x0000000083000000, 0x0000000100000000)
  region size 1024K, 10 young (10240K), 9 survivors (9216K)
 Metaspace       used 46397K, committed 46656K, reserved 1114112K
  class space    used 5635K, committed 5760K, reserved 1048576K
}
Event: 4.960 GC heap after
{Heap after GC invocations=15 (full 0):
 garbage-first heap   total 178176K, used 44890K [0x0000000083000000, 0x0000000100000000)
  region size 1024K, 2 young (2048K), 2 survivors (2048K)
 Metaspace       used 46397K, committed 46656K, reserved 1114112K
  class space    used 5635K, committed 5760K, reserved 1048576K
}
Event: 7.040 GC heap before
{Heap before GC invocations=15 (full 0):
 garbage-first heap   total 178176K, used 138074K [0x0000000083000000, 0x0000000100000000)
  region size 1024K, 93 young (95232K), 2 survivors (2048K)
 Metaspace       used 55857K, committed 56192K, reserved 1114112K
  class space    used 6494K, committed 6656K, reserved 1048576K
}
Event: 7.056 GC heap after
{Heap after GC invocations=16 (full 0):
 garbage-first heap   total 178176K, used 56133K [0x0000000083000000, 0x0000000100000000)
  region size 1024K, 12 young (12288K), 12 survivors (12288K)
 Metaspace       used 55857K, committed 56192K, reserved 1114112K
  class space    used 6494K, committed 6656K, reserved 1048576K
}
Event: 8.117 GC heap before
{Heap before GC invocations=16 (full 0):
 garbage-first heap   total 178176K, used 134981K [0x0000000083000000, 0x0000000100000000)
  region size 1024K, 89 young (91136K), 12 survivors (12288K)
 Metaspace       used 62305K, committed 62592K, reserved 1114112K
  class space    used 7084K, committed 7232K, reserved 1048576K
}
Event: 8.132 GC heap after
{Heap after GC invocations=17 (full 0):
 garbage-first heap   total 178176K, used 63183K [0x0000000083000000, 0x0000000100000000)
  region size 1024K, 7 young (7168K), 7 survivors (7168K)
 Metaspace       used 62305K, committed 62592K, reserved 1114112K
  class space    used 7084K, committed 7232K, reserved 1048576K
}

Dll operation events (7 events):
Event: 0.009 Loaded shared library C:\Users\Parshant\.jdks\corretto-17.0.14\bin\java.dll
Event: 0.030 Loaded shared library C:\Users\Parshant\.jdks\corretto-17.0.14\bin\jsvml.dll
Event: 0.064 Loaded shared library C:\Users\Parshant\.jdks\corretto-17.0.14\bin\net.dll
Event: 0.065 Loaded shared library C:\Users\Parshant\.jdks\corretto-17.0.14\bin\nio.dll
Event: 0.086 Loaded shared library C:\Users\Parshant\.jdks\corretto-17.0.14\bin\zip.dll
Event: 0.106 Loaded shared library C:\Users\Parshant\.jdks\corretto-17.0.14\bin\jimage.dll
Event: 0.702 Loaded shared library C:\Users\Parshant\.jdks\corretto-17.0.14\bin\verify.dll

Deoptimization events (20 events):
Event: 8.038 Thread 0x000001b4feba8000 Uncommon trap: trap_request=0xffffffde fr.pc=0x000001b48f76d11c relative=0x000000000000007c
Event: 8.038 Thread 0x000001b4feba8000 Uncommon trap: reason=class_check action=maybe_recompile pc=0x000001b48f76d11c method=org.jetbrains.kotlin.ir.declarations.IrValueParameter.acceptChildren(Lorg/jetbrains/kotlin/ir/visitors/IrElementVisitor;Ljava/lang/Object;)V @ 7 c2
Event: 8.038 Thread 0x000001b4feba8000 DEOPT PACKING pc=0x000001b48f76d11c sp=0x00000070fb5fc550
Event: 8.038 Thread 0x000001b4feba8000 DEOPT UNPACKING pc=0x000001b48f0069a3 sp=0x00000070fb5fc4e8 mode 2
Event: 8.076 Thread 0x000001b4feba8000 Uncommon trap: trap_request=0xffffffde fr.pc=0x000001b48f929848 relative=0x00000000000006a8
Event: 8.076 Thread 0x000001b4feba8000 Uncommon trap: reason=class_check action=maybe_recompile pc=0x000001b48f929848 method=org.jetbrains.kotlin.backend.common.UtilsKt.push(Ljava/util/List;Ljava/lang/Object;)Z @ 8 c2
Event: 8.076 Thread 0x000001b4feba8000 DEOPT PACKING pc=0x000001b48f929848 sp=0x00000070fb5fdfb0
Event: 8.076 Thread 0x000001b4feba8000 DEOPT UNPACKING pc=0x000001b48f0069a3 sp=0x00000070fb5fdf98 mode 2
Event: 8.077 Thread 0x000001b4feba8000 Uncommon trap: trap_request=0xffffffde fr.pc=0x000001b48f928428 relative=0x0000000000000108
Event: 8.077 Thread 0x000001b4feba8000 Uncommon trap: reason=class_check action=maybe_recompile pc=0x000001b48f928428 method=org.jetbrains.kotlin.backend.common.UtilsKt.pop(Ljava/util/List;)Ljava/lang/Object; @ 8 c2
Event: 8.077 Thread 0x000001b4feba8000 DEOPT PACKING pc=0x000001b48f928428 sp=0x00000070fb5fe000
Event: 8.077 Thread 0x000001b4feba8000 DEOPT UNPACKING pc=0x000001b48f0069a3 sp=0x00000070fb5fdfb8 mode 2
Event: 8.140 Thread 0x000001b4feba8000 Uncommon trap: trap_request=0xffffffde fr.pc=0x000001b48f68afd0 relative=0x0000000000001610
Event: 8.140 Thread 0x000001b4feba8000 Uncommon trap: reason=class_check action=maybe_recompile pc=0x000001b48f68afd0 method=java.util.concurrent.ConcurrentHashMap.putVal(Ljava/lang/Object;Ljava/lang/Object;Z)Ljava/lang/Object; @ 242 c2
Event: 8.140 Thread 0x000001b4feba8000 DEOPT PACKING pc=0x000001b48f68afd0 sp=0x00000070fb5fda60
Event: 8.140 Thread 0x000001b4feba8000 DEOPT UNPACKING pc=0x000001b48f0069a3 sp=0x00000070fb5fda00 mode 2
Event: 8.140 Thread 0x000001b4feba8000 Uncommon trap: trap_request=0xffffffde fr.pc=0x000001b48f68afd0 relative=0x0000000000001610
Event: 8.140 Thread 0x000001b4feba8000 Uncommon trap: reason=class_check action=maybe_recompile pc=0x000001b48f68afd0 method=java.util.concurrent.ConcurrentHashMap.putVal(Ljava/lang/Object;Ljava/lang/Object;Z)Ljava/lang/Object; @ 242 c2
Event: 8.140 Thread 0x000001b4feba8000 DEOPT PACKING pc=0x000001b48f68afd0 sp=0x00000070fb5fda60
Event: 8.140 Thread 0x000001b4feba8000 DEOPT UNPACKING pc=0x000001b48f0069a3 sp=0x00000070fb5fda00 mode 2

Classes loaded (20 events):
Event: 4.600 Loading class java/util/stream/Nodes$EmptyNode$OfLong
Event: 4.600 Loading class java/util/stream/Node$OfLong
Event: 4.600 Loading class java/util/stream/Node$OfLong done
Event: 4.600 Loading class java/util/stream/Nodes$EmptyNode$OfLong done
Event: 4.600 Loading class java/util/stream/Nodes$EmptyNode$OfDouble
Event: 4.600 Loading class java/util/stream/Node$OfDouble
Event: 4.600 Loading class java/util/stream/Node$OfDouble done
Event: 4.600 Loading class java/util/stream/Nodes$EmptyNode$OfDouble done
Event: 4.600 Loading class java/util/stream/Nodes$SpinedNodeBuilder
Event: 4.600 Loading class java/util/stream/Node$Builder
Event: 4.600 Loading class java/util/stream/Node$Builder done
Event: 4.600 Loading class java/util/stream/SpinedBuffer
Event: 4.600 Loading class java/util/stream/AbstractSpinedBuffer
Event: 4.600 Loading class java/util/stream/AbstractSpinedBuffer done
Event: 4.600 Loading class java/util/stream/SpinedBuffer done
Event: 4.600 Loading class java/util/stream/Nodes$SpinedNodeBuilder done
Event: 4.762 Loading class jdk/internal/math/FDBigInteger
Event: 4.762 Loading class jdk/internal/math/FDBigInteger done
Event: 7.945 Loading class java/util/concurrent/locks/AbstractQueuedSynchronizer$Node
Event: 7.945 Loading class java/util/concurrent/locks/AbstractQueuedSynchronizer$Node done

Classes unloaded (0 events):
No events

Classes redefined (0 events):
No events

Internal exceptions (20 events):
Event: 3.452 Thread 0x000001b4feba8000 Implicit null exception at 0x000001b48f6797f1 to 0x000001b48f6799e4
Event: 3.452 Thread 0x000001b4feba8000 Implicit null exception at 0x000001b48f58528f to 0x000001b48f585309
Event: 4.039 Thread 0x000001b4feba8000 Exception <a 'java/lang/NoSuchMethodError'{0x000000008ae73f48}: 'java.lang.Object java.lang.invoke.DirectMethodHandle$Holder.newInvokeSpecial(java.lang.Object, java.lang.Object, java.lang.Object, java.lang.Object, java.lang.Object)'> (0x000000008ae73f48) 
thrown [s\src\hotspot\share\interpreter\linkResolver.cpp, line 759]
Event: 4.151 Thread 0x000001b4feba8000 Exception <a 'java/lang/NoSuchMethodError'{0x000000008aaf4070}: 'java.lang.Object java.lang.invoke.DirectMethodHandle$Holder.newInvokeSpecial(java.lang.Object, java.lang.Object, java.lang.Object, java.lang.Object, java.lang.Object, java.lang.Object, java.lang.Object)'> (0x000000008aaf4070) 
thrown [s\src\hotspot\share\interpreter\linkResolver.cpp, line 759]
Event: 4.151 Thread 0x000001b4feba8000 Exception <a 'java/lang/NoSuchMethodError'{0x000000008aaf8c28}: 'java.lang.Object java.lang.invoke.Invokers$Holder.linkToTargetMethod(java.lang.Object, java.lang.Object, java.lang.Object, java.lang.Object, java.lang.Object, java.lang.Object, java.lang.Object)'> (0x000000008aaf8c28) 
thrown [s\src\hotspot\share\interpreter\linkResolver.cpp, line 759]
Event: 4.195 Thread 0x000001b4feba8000 Implicit null exception at 0x000001b48f74e7a0 to 0x000001b48f74ef2c
Event: 4.399 Thread 0x000001b4feba8000 Implicit null exception at 0x000001b48f63b04c to 0x000001b48f63b140
Event: 4.555 Thread 0x000001b4feba8000 Exception <a 'java/lang/NoSuchMethodError'{0x00000000892371c0}: 'java.lang.Object java.lang.invoke.DirectMethodHandle$Holder.invokeStatic(java.lang.Object, java.lang.Object, java.lang.Object, java.lang.Object, int)'> (0x00000000892371c0) 
thrown [s\src\hotspot\share\interpreter\linkResolver.cpp, line 759]
Event: 4.556 Thread 0x000001b4feba8000 Exception <a 'java/lang/NoSuchMethodError'{0x0000000089240ea8}: 'java.lang.Object java.lang.invoke.DirectMethodHandle$Holder.newInvokeSpecial(java.lang.Object, java.lang.Object, java.lang.Object, java.lang.Object, int)'> (0x0000000089240ea8) 
thrown [s\src\hotspot\share\interpreter\linkResolver.cpp, line 759]
Event: 4.556 Thread 0x000001b4feba8000 Exception <a 'java/lang/NoSuchMethodError'{0x00000000892458e0}: 'java.lang.Object java.lang.invoke.DirectMethodHandle$Holder.invokeSpecial(java.lang.Object, java.lang.Object, java.lang.Object, java.lang.Object, java.lang.Object, int)'> (0x00000000892458e0) 
thrown [s\src\hotspot\share\interpreter\linkResolver.cpp, line 759]
Event: 4.556 Thread 0x000001b4feba8000 Exception <a 'java/lang/NoSuchMethodError'{0x0000000089249dc0}: 'java.lang.Object java.lang.invoke.Invokers$Holder.linkToTargetMethod(java.lang.Object, java.lang.Object, java.lang.Object, int, java.lang.Object)'> (0x0000000089249dc0) 
thrown [s\src\hotspot\share\interpreter\linkResolver.cpp, line 759]
Event: 4.597 Thread 0x000001b4feba8000 Exception <a 'java/lang/NoSuchMethodError'{0x00000000891fe438}: 'void java.lang.invoke.DirectMethodHandle$Holder.invokeInterface(java.lang.Object, java.lang.Object)'> (0x00000000891fe438) 
thrown [s\src\hotspot\share\interpreter\linkResolver.cpp, line 759]
Event: 4.665 Thread 0x000001b4feba8000 Exception <a 'java/lang/IncompatibleClassChangeError'{0x0000000088e066d0}: Found class java.lang.Object, but interface was expected> (0x0000000088e066d0) 
thrown [s\src\hotspot\share\interpreter\linkResolver.cpp, line 826]
Event: 4.747 Thread 0x000001b4feba8000 Exception <a 'java/lang/NoSuchMethodError'{0x0000000088cb1e18}: 'java.lang.Object java.lang.invoke.DirectMethodHandle$Holder.invokeInterface(java.lang.Object, java.lang.Object, java.lang.Object)'> (0x0000000088cb1e18) 
thrown [s\src\hotspot\share\interpreter\linkResolver.cpp, line 759]
Event: 4.747 Thread 0x000001b4feba8000 Exception <a 'java/lang/IncompatibleClassChangeError'{0x0000000088cb5788}: Found class java.lang.Object, but interface was expected> (0x0000000088cb5788) 
thrown [s\src\hotspot\share\interpreter\linkResolver.cpp, line 826]
Event: 6.070 Thread 0x000001b4feba8000 Exception <a 'java/lang/NoSuchMethodError'{0x000000008b6be628}: 'java.lang.Object java.lang.invoke.DirectMethodHandle$Holder.newInvokeSpecial(java.lang.Object, java.lang.Object, java.lang.Object, int, int)'> (0x000000008b6be628) 
thrown [s\src\hotspot\share\interpreter\linkResolver.cpp, line 759]
Event: 6.071 Thread 0x000001b4feba8000 Exception <a 'java/lang/NoSuchMethodError'{0x000000008b6c2468}: 'java.lang.Object java.lang.invoke.DirectMethodHandle$Holder.invokeSpecial(java.lang.Object, java.lang.Object, java.lang.Object, java.lang.Object, int, int)'> (0x000000008b6c2468) 
thrown [s\src\hotspot\share\interpreter\linkResolver.cpp, line 759]
Event: 6.344 Thread 0x000001b4feba8000 Exception <a 'java/lang/NoSuchMethodError'{0x000000008aa01968}: 'java.lang.Object java.lang.invoke.DirectMethodHandle$Holder.invokeSpecial(java.lang.Object, java.lang.Object, int, int, java.lang.Object, java.lang.Object, java.lang.Object, java.lang.Object, java.lang.Object)'> (0x000000008aa01968) 
thrown [s\src\hotspot\share\interpreter\linkResolver.cpp, line 759]
Event: 6.923 Thread 0x000001b4feba8000 Implicit null exception at 0x000001b48f597c35 to 0x000001b48f59850f
Event: 7.928 Thread 0x000001b4feba8000 Implicit null exception at 0x000001b48f6017f6 to 0x000001b48f601a3c

VM Operations (20 events):
Event: 7.813 Executing VM operation: HandshakeAllThreads
Event: 7.813 Executing VM operation: HandshakeAllThreads done
Event: 7.814 Executing VM operation: HandshakeAllThreads
Event: 7.814 Executing VM operation: HandshakeAllThreads done
Event: 7.822 Executing VM operation: HandshakeAllThreads
Event: 7.822 Executing VM operation: HandshakeAllThreads done
Event: 7.918 Executing VM operation: HandshakeAllThreads
Event: 7.918 Executing VM operation: HandshakeAllThreads done
Event: 7.919 Executing VM operation: ICBufferFull
Event: 7.919 Executing VM operation: ICBufferFull done
Event: 7.939 Executing VM operation: HandshakeAllThreads
Event: 7.939 Executing VM operation: HandshakeAllThreads done
Event: 7.968 Executing VM operation: ICBufferFull
Event: 7.968 Executing VM operation: ICBufferFull done
Event: 8.038 Executing VM operation: ICBufferFull
Event: 8.038 Executing VM operation: ICBufferFull done
Event: 8.117 Executing VM operation: G1CollectForAllocation
Event: 8.132 Executing VM operation: G1CollectForAllocation done
Event: 8.258 Executing VM operation: ICBufferFull
Event: 8.258 Executing VM operation: ICBufferFull done

Memory protections (0 events):
No events

Nmethod flushes (20 events):
Event: 7.009 Thread 0x000001b49cefa390 flushing  nmethod 0x000001b488ba6010
Event: 7.009 Thread 0x000001b49cefa390 flushing  nmethod 0x000001b488ba7a10
Event: 7.009 Thread 0x000001b49cefa390 flushing  nmethod 0x000001b488babf10
Event: 7.010 Thread 0x000001b49cefa390 flushing  nmethod 0x000001b488c0dc10
Event: 7.010 Thread 0x000001b49cefa390 flushing  nmethod 0x000001b488c17c90
Event: 7.011 Thread 0x000001b49cefa390 flushing  nmethod 0x000001b488ce0f90
Event: 7.012 Thread 0x000001b49cefa390 flushing  nmethod 0x000001b488d05490
Event: 7.012 Thread 0x000001b49cefa390 flushing  nmethod 0x000001b488d1bc10
Event: 7.012 Thread 0x000001b49cefa390 flushing  nmethod 0x000001b488d1bf90
Event: 7.940 Thread 0x000001b49cefa390 flushing  nmethod 0x000001b48f597990
Event: 7.942 Thread 0x000001b49cefa390 flushing  nmethod 0x000001b48f8ad190
Event: 7.959 Thread 0x000001b49cefa390 flushing  nmethod 0x000001b488a76a10
Event: 7.959 Thread 0x000001b49cefa390 flushing  nmethod 0x000001b488a99790
Event: 7.959 Thread 0x000001b49cefa390 flushing  nmethod 0x000001b488ab6110
Event: 7.959 Thread 0x000001b49cefa390 flushing  nmethod 0x000001b488ab9e90
Event: 7.960 Thread 0x000001b49cefa390 flushing  nmethod 0x000001b488b44710
Event: 7.960 Thread 0x000001b49cefa390 flushing  nmethod 0x000001b488b5d590
Event: 7.960 Thread 0x000001b49cefa390 flushing  nmethod 0x000001b488b68a90
Event: 7.960 Thread 0x000001b49cefa390 flushing  nmethod 0x000001b488b69b10
Event: 7.960 Thread 0x000001b49cefa390 flushing  nmethod 0x000001b488bf6290

Events (13 events):
Event: 0.030 Thread 0x000001b4feba8000 Thread added: 0x000001b4feba8000
Event: 0.033 Thread 0x000001b4feba8000 Thread added: 0x000001b49cecea80
Event: 0.033 Thread 0x000001b4feba8000 Thread added: 0x000001b49cecf900
Event: 0.040 Thread 0x000001b4feba8000 Thread added: 0x000001b49cee6cc0
Event: 0.040 Thread 0x000001b4feba8000 Thread added: 0x000001b49cee7880
Event: 0.040 Thread 0x000001b4feba8000 Thread added: 0x000001b49ceea250
Event: 0.040 Thread 0x000001b4feba8000 Thread added: 0x000001b49ceeac10
Event: 0.040 Thread 0x000001b4feba8000 Thread added: 0x000001b49cef39d0
Event: 0.041 Thread 0x000001b4feba8000 Thread added: 0x000001b49cef7980
Event: 0.041 Thread 0x000001b4feba8000 Thread added: 0x000001b49cefa390
Event: 0.059 Thread 0x000001b4feba8000 Thread added: 0x000001b4e2200210
Event: 0.061 Thread 0x000001b4feba8000 Thread added: 0x000001b4e22039d0
Event: 0.076 Thread 0x000001b49cef39d0 Thread added: 0x000001b4e2256600


Dynamic libraries:
0x00007ff698320000 - 0x00007ff69832e000 	C:\Users\Parshant\.jdks\corretto-17.0.14\bin\java.exe
0x00007ff935df0000 - 0x00007ff936007000 	C:\WINDOWS\SYSTEM32\ntdll.dll
0x00007ff934a70000 - 0x00007ff934b34000 	C:\WINDOWS\System32\KERNEL32.DLL
0x00007ff933460000 - 0x00007ff933833000 	C:\WINDOWS\System32\KERNELBASE.dll
0x00007ff932f10000 - 0x00007ff933021000 	C:\WINDOWS\System32\ucrtbase.dll
0x00007ff92b580000 - 0x00007ff92b59b000 	C:\Users\Parshant\.jdks\corretto-17.0.14\bin\VCRUNTIME140.dll
0x00007ff92a230000 - 0x00007ff92a247000 	C:\Users\Parshant\.jdks\corretto-17.0.14\bin\jli.dll
0x00007ff935bf0000 - 0x00007ff935da1000 	C:\WINDOWS\System32\USER32.dll
0x00007ff9330d0000 - 0x00007ff9330f6000 	C:\WINDOWS\System32\win32u.dll
0x00007ff90a820000 - 0x00007ff90aab8000 	C:\WINDOWS\WinSxS\amd64_microsoft.windows.common-controls_6595b64144ccf1df_6.0.22621.5124_none_270e8f4f7386d69d\COMCTL32.dll
0x00007ff934440000 - 0x00007ff934469000 	C:\WINDOWS\System32\GDI32.dll
0x00007ff935b40000 - 0x00007ff935be7000 	C:\WINDOWS\System32\msvcrt.dll
0x00007ff933980000 - 0x00007ff933a9b000 	C:\WINDOWS\System32\gdi32full.dll
0x00007ff933030000 - 0x00007ff9330ca000 	C:\WINDOWS\System32\msvcp_win.dll
0x00007ff934bf0000 - 0x00007ff934c21000 	C:\WINDOWS\System32\IMM32.DLL
0x00007ff92b510000 - 0x00007ff92b51c000 	C:\Users\Parshant\.jdks\corretto-17.0.14\bin\vcruntime140_1.dll
0x00007ff91e340000 - 0x00007ff91e3cd000 	C:\Users\Parshant\.jdks\corretto-17.0.14\bin\msvcp140.dll
0x00007ff8b7360000 - 0x00007ff8b7fcc000 	C:\Users\Parshant\.jdks\corretto-17.0.14\bin\server\jvm.dll
0x00007ff933b50000 - 0x00007ff933c01000 	C:\WINDOWS\System32\ADVAPI32.dll
0x00007ff933aa0000 - 0x00007ff933b48000 	C:\WINDOWS\System32\sechost.dll
0x00007ff9332c0000 - 0x00007ff9332e8000 	C:\WINDOWS\System32\bcrypt.dll
0x00007ff934780000 - 0x00007ff934894000 	C:\WINDOWS\System32\RPCRT4.dll
0x00007ff9346e0000 - 0x00007ff934751000 	C:\WINDOWS\System32\WS2_32.dll
0x00007ff931da0000 - 0x00007ff931ded000 	C:\WINDOWS\SYSTEM32\POWRPROF.dll
0x00007ff9293e0000 - 0x00007ff929414000 	C:\WINDOWS\SYSTEM32\WINMM.dll
0x00007ff92e190000 - 0x00007ff92e19a000 	C:\WINDOWS\SYSTEM32\VERSION.dll
0x00007ff931d80000 - 0x00007ff931d93000 	C:\WINDOWS\SYSTEM32\UMPDC.dll
0x00007ff932030000 - 0x00007ff932048000 	C:\WINDOWS\SYSTEM32\kernel.appcore.dll
0x00007ff92afa0000 - 0x00007ff92afaa000 	C:\Users\Parshant\.jdks\corretto-17.0.14\bin\jimage.dll
0x00007ff92caa0000 - 0x00007ff92ccd2000 	C:\WINDOWS\SYSTEM32\DBGHELP.DLL
0x00007ff9357a0000 - 0x00007ff935b32000 	C:\WINDOWS\System32\combase.dll
0x00007ff934c30000 - 0x00007ff934d07000 	C:\WINDOWS\System32\OLEAUT32.dll
0x00007ff92c760000 - 0x00007ff92c792000 	C:\WINDOWS\SYSTEM32\dbgcore.DLL
0x00007ff9331c0000 - 0x00007ff93323b000 	C:\WINDOWS\System32\bcryptPrimitives.dll
0x00007ff91ea10000 - 0x00007ff91ea35000 	C:\Users\Parshant\.jdks\corretto-17.0.14\bin\java.dll
0x00007ff8ed7c0000 - 0x00007ff8ed897000 	C:\Users\Parshant\.jdks\corretto-17.0.14\bin\jsvml.dll
0x00007ff934df0000 - 0x00007ff935686000 	C:\WINDOWS\System32\SHELL32.dll
0x00007ff933840000 - 0x00007ff93397f000 	C:\WINDOWS\System32\wintypes.dll
0x00007ff930e50000 - 0x00007ff93176a000 	C:\WINDOWS\SYSTEM32\windows.storage.dll
0x00007ff935690000 - 0x00007ff93579a000 	C:\WINDOWS\System32\SHCORE.dll
0x00007ff934a00000 - 0x00007ff934a63000 	C:\WINDOWS\System32\shlwapi.dll
0x00007ff932e40000 - 0x00007ff932e6b000 	C:\WINDOWS\SYSTEM32\profapi.dll
0x00007ff91e300000 - 0x00007ff91e319000 	C:\Users\Parshant\.jdks\corretto-17.0.14\bin\net.dll
0x00007ff92dc10000 - 0x00007ff92dd3c000 	C:\WINDOWS\SYSTEM32\WINHTTP.dll
0x00007ff9324b0000 - 0x00007ff93251a000 	C:\WINDOWS\system32\mswsock.dll
0x00007ff91e2e0000 - 0x00007ff91e2f6000 	C:\Users\Parshant\.jdks\corretto-17.0.14\bin\nio.dll
0x00007ff91e320000 - 0x00007ff91e338000 	C:\Users\Parshant\.jdks\corretto-17.0.14\bin\zip.dll
0x00007ff9253c0000 - 0x00007ff9253d0000 	C:\Users\Parshant\.jdks\corretto-17.0.14\bin\verify.dll

dbghelp: loaded successfully - version: 4.0.5 - missing functions: none
symbol engine: initialized successfully - sym options: 0x614 - pdb path: .;C:\Users\Parshant\.jdks\corretto-17.0.14\bin;C:\WINDOWS\SYSTEM32;C:\WINDOWS\WinSxS\amd64_microsoft.windows.common-controls_6595b64144ccf1df_6.0.22621.5124_none_270e8f4f7386d69d;C:\Users\Parshant\.jdks\corretto-17.0.14\bin\server

VM Arguments:
java_command: org.jetbrains.kotlin.cli.jvm.K2JVMCompiler @G:\Andoid Projects\Tradeveil Project\Source Code\Tradeveil\app\build\20250329_7676705343125318075.compiler.options
java_class_path (initial): C:\Users\Parshant\.gradle\caches\modules-2\files-2.1\org.jetbrains.kotlin\kotlin-compiler-embeddable\1.9.24\78dab849090e6c5e2eadb6e59a11cdc28fb67a08\kotlin-compiler-embeddable-1.9.24.jar;C:\Users\Parshant\.gradle\caches\modules-2\files-2.1\org.jetbrains.kotlin\kotlin-stdlib\1.9.24\9928532f12c66ad816a625b3f9984f8368ca6d2b\kotlin-stdlib-1.9.24.jar;C:\Users\Parshant\.gradle\caches\modules-2\files-2.1\org.jetbrains.kotlin\kotlin-script-runtime\1.9.24\96771497da90fbc5af1c90fce148db2595a62502\kotlin-script-runtime-1.9.24.jar;C:\Users\Parshant\.gradle\caches\modules-2\files-2.1\org.jetbrains.kotlin\kotlin-reflect\1.6.10\1cbe9c92c12a94eea200d23c2bbaedaf3daf5132\kotlin-reflect-1.6.10.jar;C:\Users\Parshant\.gradle\caches\modules-2\files-2.1\org.jetbrains.kotlin\kotlin-daemon-embeddable\1.9.24\86685b9c5e8d170925bd9ddbdc263374a6a73281\kotlin-daemon-embeddable-1.9.24.jar;C:\Users\Parshant\.gradle\caches\modules-2\files-2.1\org.jetbrains.intellij.deps\trove4j\1.0.20200330\3afb14d5f9ceb459d724e907a21145e8ff394f02\trove4j-1.0.20200330.jar;C:\Users\Parshant\.gradle\caches\modules-2\files-2.1\org.jetbrains\annotations\13.0\919f0dfe192fb4e063e7dacadee7f8bb9a2672a9\annotations-13.0.jar
Launcher Type: SUN_STANDARD

[Global flags]
     intx CICompilerCount                          = 4                                         {product} {ergonomic}
     uint ConcGCThreads                            = 2                                         {product} {ergonomic}
     uint G1ConcRefinementThreads                  = 8                                         {product} {ergonomic}
   size_t G1HeapRegionSize                         = 1048576                                   {product} {ergonomic}
    uintx GCDrainStackTargetSize                   = 64                                        {product} {ergonomic}
   size_t InitialHeapSize                          = 132120576                                 {product} {ergonomic}
   size_t MarkStackSize                            = 4194304                                   {product} {ergonomic}
   size_t MaxHeapSize                              = 2097152000                                {product} {ergonomic}
   size_t MaxNewSize                               = 1258291200                                {product} {ergonomic}
   size_t MinHeapDeltaBytes                        = 1048576                                   {product} {ergonomic}
   size_t MinHeapSize                              = 8388608                                   {product} {ergonomic}
    uintx NonNMethodCodeHeapSize                   = 5839372                                {pd product} {ergonomic}
    uintx NonProfiledCodeHeapSize                  = 122909434                              {pd product} {ergonomic}
    uintx ProfiledCodeHeapSize                     = 122909434                              {pd product} {ergonomic}
    uintx ReservedCodeCacheSize                    = 251658240                              {pd product} {ergonomic}
     bool SegmentedCodeCache                       = true                                      {product} {ergonomic}
   size_t SoftMaxHeapSize                          = 2097152000                             {manageable} {ergonomic}
     bool UseCompressedClassPointers               = true                           {product lp64_product} {ergonomic}
     bool UseCompressedOops                        = true                           {product lp64_product} {ergonomic}
     bool UseG1GC                                  = true                                      {product} {ergonomic}
     bool UseLargePagesIndividualAllocation        = false                                  {pd product} {ergonomic}

Logging:
Log output configuration:
 #0: stdout all=warning uptime,level,tags
 #1: stderr all=off uptime,level,tags

Environment Variables:
PATH=C:\Program Files (x86)\Common Files\Intel\Shared Libraries\redist\intel64\compiler;C:\WINDOWS\system32;C:\WINDOWS;C:\WINDOWS\System32\Wbem;C:\WINDOWS\System32\WindowsPowerShell\v1.0\;C:\WINDOWS\System32\OpenSSH\;C:\Users\Parshant\AppData\Local\Microsoft\WindowsApps;G:\Microsoft VS Code\Microsoft VS Code\bin;C:\Users\Parshant\AppData\Local\Programs\cursor\resources\app\bin
USERNAME=Parshant
OS=Windows_NT
PROCESSOR_IDENTIFIER=Intel64 Family 6 Model 142 Stepping 12, GenuineIntel
TMP=C:\Users\Parshant\AppData\Local\Temp
TEMP=C:\Users\Parshant\AppData\Local\Temp



Periodic native trim disabled


---------------  S Y S T E M  ---------------

OS:
 Windows 11 , 64 bit Build 22621 (10.0.22621.5124)
OS uptime: 2 days 23:55 hours

CPU: total 8 (initial active 8) (4 cores per cpu, 2 threads per core) family 6 model 142 stepping 12 microcode 0xf8, cx8, cmov, fxsr, ht, mmx, 3dnowpref, sse, sse2, sse3, ssse3, sse4.1, sse4.2, popcnt, lzcnt, tsc, tscinvbit, avx, avx2, aes, erms, clmul, bmi1, bmi2, adx, fma, vzeroupper, clflush, clflushopt
Processor Information for all 8 processors :
  Max Mhz: 1896, Current Mhz: 1596, Mhz Limit: 1592

Memory: 4k page, system-wide physical 7998M (322M free)
TotalPageFile size 16190M (AvailPageFile size 6M)
current process WorkingSet (physical memory assigned to process): 363M, peak: 366M
current process commit charge ("private bytes"): 406M, peak: 408M

vm_info: OpenJDK 64-Bit Server VM (17.0.14+7-LTS) for windows-amd64 JRE (17.0.14+7-LTS), built on Jan  7 2025 20:14:24 by "Administrator" with MS VC++ 16.10 / 16.11 (VS2019)

END.
