#
# There is insufficient memory for the Java Runtime Environment to continue.
# Native memory allocation (malloc) failed to allocate 1416976 bytes. Error detail: Chunk::new
# Possible reasons:
#   The system is out of physical RAM or swap space
#   This process is running with CompressedOops enabled, and the Java Heap may be blocking the growth of the native heap
# Possible solutions:
#   Reduce memory load on the system
#   Increase physical memory or swap space
#   Check if swap backing store is full
#   Decrease Java heap size (-Xmx/-Xms)
#   Decrease number of Java threads
#   Decrease Java thread stack sizes (-Xss)
#   Set larger code cache with -XX:ReservedCodeCacheSize=
#   JVM is running with Unscaled Compressed Oops mode in which the Java heap is
#     placed in the first 4GB address space. The Java Heap base address is the
#     maximum limit for the native heap growth. Please use -XX:HeapBaseMinAddress
#     to set the Java Heap base and to place the Java Heap above 4GB virtual address.
# This output file may be truncated or incomplete.
#
#  Out of Memory Error (arena.cpp:191), pid=19196, tid=22852
#
# JRE version: OpenJDK Runtime Environment Corretto-17.0.14.7.1 (17.0.14+7) (build 17.0.14+7-LTS)
# Java VM: OpenJDK 64-Bit Server VM Corretto-17.0.14.7.1 (17.0.14+7-LTS, mixed mode, sharing, tiered, compressed oops, compressed class ptrs, g1 gc, windows-amd64)
# No core dump will be written. Minidumps are not enabled by default on client versions of Windows
#

---------------  S U M M A R Y ------------

Command Line: org.jetbrains.kotlin.cli.jvm.K2JVMCompiler @G:\Andoid Projects\Tradeveil Project\Source Code\Tradeveil\app\build\20250329_10149261559937990943.compiler.options

Host: Intel(R) Core(TM) i5-8365U CPU @ 1.60GHz, 8 cores, 7G,  Windows 11 , 64 bit Build 22621 (10.0.22621.5124)
Time: Sat Mar 29 03:09:24 2025 Pakistan Standard Time elapsed time: 6.018640 seconds (0d 0h 0m 6s)

---------------  T H R E A D  ---------------

Current thread (0x0000029ef005d620):  JavaThread "C2 CompilerThread0" daemon [_thread_in_native, id=22852, stack(0x000000b7f8000000,0x000000b7f8100000)]


Current CompileTask:
C2:   6018 7475   !   4       jdk.internal.loader.BuiltinClassLoader::loadClassOrNull (143 bytes)

Stack: [0x000000b7f8000000,0x000000b7f8100000]
Native frames: (J=compiled Java code, j=interpreted, Vv=VM code, C=native code)
V  [jvm.dll+0x681069]
V  [jvm.dll+0x838cca]
V  [jvm.dll+0x83a78e]
V  [jvm.dll+0x83adf3]
V  [jvm.dll+0x24826f]
V  [jvm.dll+0xac9f4]
V  [jvm.dll+0xad03c]
V  [jvm.dll+0x3678e2]
V  [jvm.dll+0x331cda]
V  [jvm.dll+0x33117a]
V  [jvm.dll+0x21a7b1]
V  [jvm.dll+0x219bf1]
V  [jvm.dll+0x1a599d]
V  [jvm.dll+0x22994d]
V  [jvm.dll+0x227adc]
V  [jvm.dll+0x7edb77]
V  [jvm.dll+0x7e7f6c]
V  [jvm.dll+0x67ff37]
C  [ucrtbase.dll+0x29333]
C  [KERNEL32.DLL+0x1259d]
C  [ntdll.dll+0x5af38]


---------------  P R O C E S S  ---------------

Threads class SMR info:
_java_thread_list=0x0000029ef02ba680, length=13, elements={
0x0000029ecfc3dff0, 0x0000029ef003edc0, 0x0000029ef003fa40, 0x0000029ef0056b30,
0x0000029ef00574f0, 0x0000029ef0057eb0, 0x0000029ef0058870, 0x0000029ef005d620,
0x0000029ef00660e0, 0x0000029ef0072580, 0x0000029ef02ae660, 0x0000029ef02b1bc0,
0x0000029ef02f46d0
}

Java Threads: ( => current thread )
  0x0000029ecfc3dff0 JavaThread "main" [_thread_in_vm, id=3776, stack(0x000000b7f7300000,0x000000b7f7400000)]
  0x0000029ef003edc0 JavaThread "Reference Handler" daemon [_thread_blocked, id=18392, stack(0x000000b7f7a00000,0x000000b7f7b00000)]
  0x0000029ef003fa40 JavaThread "Finalizer" daemon [_thread_blocked, id=14256, stack(0x000000b7f7b00000,0x000000b7f7c00000)]
  0x0000029ef0056b30 JavaThread "Signal Dispatcher" daemon [_thread_blocked, id=8044, stack(0x000000b7f7c00000,0x000000b7f7d00000)]
  0x0000029ef00574f0 JavaThread "Attach Listener" daemon [_thread_blocked, id=4740, stack(0x000000b7f7d00000,0x000000b7f7e00000)]
  0x0000029ef0057eb0 JavaThread "Service Thread" daemon [_thread_blocked, id=13264, stack(0x000000b7f7e00000,0x000000b7f7f00000)]
  0x0000029ef0058870 JavaThread "Monitor Deflation Thread" daemon [_thread_blocked, id=22332, stack(0x000000b7f7f00000,0x000000b7f8000000)]
=>0x0000029ef005d620 JavaThread "C2 CompilerThread0" daemon [_thread_in_native, id=22852, stack(0x000000b7f8000000,0x000000b7f8100000)]
  0x0000029ef00660e0 JavaThread "C1 CompilerThread0" daemon [_thread_blocked, id=6464, stack(0x000000b7f8100000,0x000000b7f8200000)]
  0x0000029ef0072580 JavaThread "Sweeper thread" daemon [_thread_blocked, id=19504, stack(0x000000b7f8200000,0x000000b7f8300000)]
  0x0000029ef02ae660 JavaThread "Notification Thread" daemon [_thread_blocked, id=18252, stack(0x000000b7f8300000,0x000000b7f8400000)]
  0x0000029ef02b1bc0 JavaThread "Common-Cleaner" daemon [_thread_blocked, id=13800, stack(0x000000b7f8500000,0x000000b7f8600000)]
  0x0000029ef02f46d0 JavaThread "C2 CompilerThread1" daemon [_thread_in_native, id=11356, stack(0x000000b7f8600000,0x000000b7f8700000)]

Other Threads:
  0x0000029ef0039820 VMThread "VM Thread" [stack: 0x000000b7f7900000,0x000000b7f7a00000] [id=6344]
  0x0000029ef02b0f60 WatcherThread [stack: 0x000000b7f8400000,0x000000b7f8500000] [id=22980]
  0x0000029ed1dc7850 GCTaskThread "GC Thread#0" [stack: 0x000000b7f7400000,0x000000b7f7500000] [id=4752]
  0x0000029ef07c7b90 GCTaskThread "GC Thread#1" [stack: 0x000000b7f8700000,0x000000b7f8800000] [id=17032]
  0x0000029ef07cde80 GCTaskThread "GC Thread#2" [stack: 0x000000b7f8800000,0x000000b7f8900000] [id=12576]
  0x0000029ef082bd00 GCTaskThread "GC Thread#3" [stack: 0x000000b7f8900000,0x000000b7f8a00000] [id=7688]
  0x0000029ef082bfc0 GCTaskThread "GC Thread#4" [stack: 0x000000b7f8a00000,0x000000b7f8b00000] [id=15936]
  0x0000029ef082c280 GCTaskThread "GC Thread#5" [stack: 0x000000b7f8b00000,0x000000b7f8c00000] [id=11960]
  0x0000029ef0c52f50 GCTaskThread "GC Thread#6" [stack: 0x000000b7f8c00000,0x000000b7f8d00000] [id=6948]
  0x0000029ef0d750c0 GCTaskThread "GC Thread#7" [stack: 0x000000b7f8d00000,0x000000b7f8e00000] [id=12580]
  0x0000029ed1dd80a0 ConcurrentGCThread "G1 Main Marker" [stack: 0x000000b7f7500000,0x000000b7f7600000] [id=17572]
  0x0000029ed1dd89c0 ConcurrentGCThread "G1 Conc#0" [stack: 0x000000b7f7600000,0x000000b7f7700000] [id=23160]
  0x0000029ef51ce5b0 ConcurrentGCThread "G1 Conc#1" [stack: 0x000000b7f8e00000,0x000000b7f8f00000] [id=15648]
  0x0000029ed1e1dc10 ConcurrentGCThread "G1 Refine#0" [stack: 0x000000b7f7700000,0x000000b7f7800000] [id=18916]
  0x0000029ef6ccc2f0 ConcurrentGCThread "G1 Refine#1" [stack: 0x000000b7f8f00000,0x000000b7f9000000] [id=19380]
  0x0000029ef6ccd490 ConcurrentGCThread "G1 Refine#2" [stack: 0x000000b7f9000000,0x000000b7f9100000] [id=20164]
  0x0000029ef6ccceb0 ConcurrentGCThread "G1 Refine#3" [stack: 0x000000b7f9100000,0x000000b7f9200000] [id=20352]
  0x0000029ed1e1e540 ConcurrentGCThread "G1 Service" [stack: 0x000000b7f7800000,0x000000b7f7900000] [id=21692]

Threads with active compile tasks:
C2 CompilerThread0     6038 7475   !   4       jdk.internal.loader.BuiltinClassLoader::loadClassOrNull (143 bytes)
C2 CompilerThread1     6038 7156       4       org.jetbrains.kotlin.descriptors.impl.FunctionDescriptorImpl::doSubstitute (1003 bytes)

VM state: not at safepoint (normal execution)

VM Mutex/Monitor currently owned by a thread: None

Heap address: 0x0000000083000000, size: 2000 MB, Compressed Oops mode: 32-bit

CDS archive(s) mapped at: [0x0000029e80000000-0x0000029e80bb0000-0x0000029e80bb0000), size 12255232, SharedBaseAddress: 0x0000029e80000000, ArchiveRelocationMode: 1.
Compressed class space mapped at: 0x0000029e81000000-0x0000029ec1000000, reserved size: 1073741824
Narrow klass base: 0x0000029e80000000, Narrow klass shift: 0, Narrow klass range: 0x100000000

GC Precious Log:
 CPUs: 8 total, 8 available
 Memory: 7998M
 Large Page Support: Disabled
 NUMA Support: Disabled
 Compressed Oops: Enabled (32-bit)
 Heap Region Size: 1M
 Heap Min Capacity: 8M
 Heap Initial Capacity: 126M
 Heap Max Capacity: 2000M
 Pre-touch: Disabled
 Parallel Workers: 8
 Concurrent Workers: 2
 Concurrent Refinement Workers: 8
 Periodic GC: Disabled

Heap:
 garbage-first heap   total 125952K, used 89977K [0x0000000083000000, 0x0000000100000000)
  region size 1024K, 49 young (50176K), 3 survivors (3072K)
 Metaspace       used 51592K, committed 51904K, reserved 1114112K
  class space    used 6022K, committed 6144K, reserved 1048576K

Heap Regions: E=young(eden), S=young(survivor), O=old, HS=humongous(starts), HC=humongous(continues), CS=collection set, F=free, OA=open archive, CA=closed archive, TAMS=top-at-mark-start (previous, next)
|   0|0x0000000083000000, 0x0000000083100000, 0x0000000083100000|100%|HS|  |TAMS 0x0000000083100000, 0x0000000083000000| Complete 
|   1|0x0000000083100000, 0x0000000083200000, 0x0000000083200000|100%|HC|  |TAMS 0x0000000083200000, 0x0000000083100000| Complete 
|   2|0x0000000083200000, 0x0000000083300000, 0x0000000083300000|100%|HC|  |TAMS 0x0000000083300000, 0x0000000083200000| Complete 
|   3|0x0000000083300000, 0x0000000083400000, 0x0000000083400000|100%|HC|  |TAMS 0x0000000083400000, 0x0000000083300000| Complete 
|   4|0x0000000083400000, 0x0000000083500000, 0x0000000083500000|100%| O|  |TAMS 0x0000000083500000, 0x0000000083400000| Untracked 
|   5|0x0000000083500000, 0x0000000083600000, 0x0000000083600000|100%| O|  |TAMS 0x0000000083600000, 0x0000000083500000| Untracked 
|   6|0x0000000083600000, 0x0000000083700000, 0x0000000083700000|100%| O|  |TAMS 0x0000000083700000, 0x0000000083600000| Untracked 
|   7|0x0000000083700000, 0x0000000083800000, 0x0000000083800000|100%| O|  |TAMS 0x0000000083800000, 0x0000000083700000| Untracked 
|   8|0x0000000083800000, 0x0000000083900000, 0x0000000083900000|100%| O|  |TAMS 0x0000000083800000, 0x0000000083800000| Untracked 
|   9|0x0000000083900000, 0x0000000083a00000, 0x0000000083a00000|100%| O|  |TAMS 0x0000000083a00000, 0x0000000083900000| Untracked 
|  10|0x0000000083a00000, 0x0000000083b00000, 0x0000000083b00000|100%| O|  |TAMS 0x0000000083b00000, 0x0000000083a00000| Untracked 
|  11|0x0000000083b00000, 0x0000000083c00000, 0x0000000083c00000|100%| O|  |TAMS 0x0000000083c00000, 0x0000000083b00000| Untracked 
|  12|0x0000000083c00000, 0x0000000083d00000, 0x0000000083d00000|100%| O|  |TAMS 0x0000000083d00000, 0x0000000083c00000| Untracked 
|  13|0x0000000083d00000, 0x0000000083e00000, 0x0000000083e00000|100%| O|  |TAMS 0x0000000083e00000, 0x0000000083d00000| Untracked 
|  14|0x0000000083e00000, 0x0000000083f00000, 0x0000000083f00000|100%| O|  |TAMS 0x0000000083f00000, 0x0000000083e00000| Untracked 
|  15|0x0000000083f00000, 0x0000000084000000, 0x0000000084000000|100%| O|  |TAMS 0x0000000084000000, 0x0000000083f00000| Untracked 
|  16|0x0000000084000000, 0x0000000084100000, 0x0000000084100000|100%| O|  |TAMS 0x0000000084100000, 0x0000000084000000| Untracked 
|  17|0x0000000084100000, 0x0000000084200000, 0x0000000084200000|100%| O|  |TAMS 0x0000000084200000, 0x0000000084100000| Untracked 
|  18|0x0000000084200000, 0x0000000084300000, 0x0000000084300000|100%|HS|  |TAMS 0x0000000084300000, 0x0000000084200000| Complete 
|  19|0x0000000084300000, 0x0000000084400000, 0x0000000084400000|100%|HC|  |TAMS 0x0000000084400000, 0x0000000084300000| Complete 
|  20|0x0000000084400000, 0x000000008445e600, 0x0000000084500000| 36%| O|  |TAMS 0x0000000084400000, 0x0000000084400000| Untracked 
|  21|0x0000000084500000, 0x0000000084600000, 0x0000000084600000|100%| O|  |TAMS 0x0000000084500000, 0x0000000084500000| Untracked 
|  22|0x0000000084600000, 0x0000000084700000, 0x0000000084700000|100%| O|  |TAMS 0x0000000084600000, 0x0000000084600000| Untracked 
|  23|0x0000000084700000, 0x0000000084800000, 0x0000000084800000|100%| O|  |TAMS 0x0000000084700000, 0x0000000084700000| Untracked 
|  24|0x0000000084800000, 0x0000000084900000, 0x0000000084900000|100%| O|  |TAMS 0x0000000084800000, 0x0000000084800000| Untracked 
|  25|0x0000000084900000, 0x0000000084a00000, 0x0000000084a00000|100%| O|  |TAMS 0x0000000084900000, 0x0000000084900000| Untracked 
|  26|0x0000000084a00000, 0x0000000084b00000, 0x0000000084b00000|100%| O|  |TAMS 0x0000000084a00000, 0x0000000084a00000| Untracked 
|  27|0x0000000084b00000, 0x0000000084c00000, 0x0000000084c00000|100%| O|  |TAMS 0x0000000084b00000, 0x0000000084b00000| Untracked 
|  28|0x0000000084c00000, 0x0000000084d00000, 0x0000000084d00000|100%| O|  |TAMS 0x0000000084c00000, 0x0000000084c00000| Untracked 
|  29|0x0000000084d00000, 0x0000000084e00000, 0x0000000084e00000|100%| O|  |TAMS 0x0000000084d00000, 0x0000000084d00000| Untracked 
|  30|0x0000000084e00000, 0x0000000084f00000, 0x0000000084f00000|100%| O|  |TAMS 0x0000000084e00000, 0x0000000084e00000| Untracked 
|  31|0x0000000084f00000, 0x0000000085000000, 0x0000000085000000|100%| O|  |TAMS 0x0000000084f00000, 0x0000000084f00000| Untracked 
|  32|0x0000000085000000, 0x0000000085100000, 0x0000000085100000|100%| O|  |TAMS 0x0000000085000000, 0x0000000085000000| Untracked 
|  33|0x0000000085100000, 0x0000000085200000, 0x0000000085200000|100%| O|  |TAMS 0x0000000085100000, 0x0000000085100000| Untracked 
|  34|0x0000000085200000, 0x0000000085300000, 0x0000000085300000|100%| O|  |TAMS 0x0000000085200000, 0x0000000085200000| Untracked 
|  35|0x0000000085300000, 0x0000000085400000, 0x0000000085400000|100%| O|  |TAMS 0x0000000085300000, 0x0000000085300000| Untracked 
|  36|0x0000000085400000, 0x0000000085500000, 0x0000000085500000|100%| O|  |TAMS 0x0000000085400000, 0x0000000085400000| Untracked 
|  37|0x0000000085500000, 0x0000000085600000, 0x0000000085600000|100%| O|  |TAMS 0x0000000085500000, 0x0000000085500000| Untracked 
|  38|0x0000000085600000, 0x0000000085700000, 0x0000000085700000|100%| O|  |TAMS 0x0000000085600000, 0x0000000085600000| Untracked 
|  39|0x0000000085700000, 0x0000000085800000, 0x0000000085800000|100%| O|  |TAMS 0x0000000085700000, 0x0000000085700000| Untracked 
|  40|0x0000000085800000, 0x0000000085880000, 0x0000000085900000| 50%| O|  |TAMS 0x0000000085800000, 0x0000000085800000| Untracked 
|  41|0x0000000085900000, 0x0000000085900000, 0x0000000085a00000|  0%| F|  |TAMS 0x0000000085900000, 0x0000000085900000| Untracked 
|  42|0x0000000085a00000, 0x0000000085a00000, 0x0000000085b00000|  0%| F|  |TAMS 0x0000000085a00000, 0x0000000085a00000| Untracked 
|  43|0x0000000085b00000, 0x0000000085b00000, 0x0000000085c00000|  0%| F|  |TAMS 0x0000000085b00000, 0x0000000085b00000| Untracked 
|  44|0x0000000085c00000, 0x0000000085c00000, 0x0000000085d00000|  0%| F|  |TAMS 0x0000000085c00000, 0x0000000085c00000| Untracked 
|  45|0x0000000085d00000, 0x0000000085d00000, 0x0000000085e00000|  0%| F|  |TAMS 0x0000000085d00000, 0x0000000085d00000| Untracked 
|  46|0x0000000085e00000, 0x0000000085e00000, 0x0000000085f00000|  0%| F|  |TAMS 0x0000000085e00000, 0x0000000085e00000| Untracked 
|  47|0x0000000085f00000, 0x0000000085f00000, 0x0000000086000000|  0%| F|  |TAMS 0x0000000085f00000, 0x0000000085f00000| Untracked 
|  48|0x0000000086000000, 0x0000000086000000, 0x0000000086100000|  0%| F|  |TAMS 0x0000000086000000, 0x0000000086000000| Untracked 
|  49|0x0000000086100000, 0x0000000086100000, 0x0000000086200000|  0%| F|  |TAMS 0x0000000086100000, 0x0000000086100000| Untracked 
|  50|0x0000000086200000, 0x0000000086200000, 0x0000000086300000|  0%| F|  |TAMS 0x0000000086200000, 0x0000000086200000| Untracked 
|  51|0x0000000086300000, 0x0000000086300000, 0x0000000086400000|  0%| F|  |TAMS 0x0000000086300000, 0x0000000086300000| Untracked 
|  52|0x0000000086400000, 0x0000000086400000, 0x0000000086500000|  0%| F|  |TAMS 0x0000000086400000, 0x0000000086400000| Untracked 
|  53|0x0000000086500000, 0x0000000086500000, 0x0000000086600000|  0%| F|  |TAMS 0x0000000086500000, 0x0000000086500000| Untracked 
|  54|0x0000000086600000, 0x0000000086600000, 0x0000000086700000|  0%| F|  |TAMS 0x0000000086600000, 0x0000000086600000| Untracked 
|  55|0x0000000086700000, 0x0000000086700000, 0x0000000086800000|  0%| F|  |TAMS 0x0000000086700000, 0x0000000086700000| Untracked 
|  56|0x0000000086800000, 0x0000000086800000, 0x0000000086900000|  0%| F|  |TAMS 0x0000000086800000, 0x0000000086800000| Untracked 
|  57|0x0000000086900000, 0x0000000086900000, 0x0000000086a00000|  0%| F|  |TAMS 0x0000000086900000, 0x0000000086900000| Untracked 
|  58|0x0000000086a00000, 0x0000000086a00000, 0x0000000086b00000|  0%| F|  |TAMS 0x0000000086a00000, 0x0000000086a00000| Untracked 
|  59|0x0000000086b00000, 0x0000000086b00000, 0x0000000086c00000|  0%| F|  |TAMS 0x0000000086b00000, 0x0000000086b00000| Untracked 
|  60|0x0000000086c00000, 0x0000000086c00000, 0x0000000086d00000|  0%| F|  |TAMS 0x0000000086c00000, 0x0000000086c00000| Untracked 
|  61|0x0000000086d00000, 0x0000000086d00000, 0x0000000086e00000|  0%| F|  |TAMS 0x0000000086d00000, 0x0000000086d00000| Untracked 
|  62|0x0000000086e00000, 0x0000000086e00000, 0x0000000086f00000|  0%| F|  |TAMS 0x0000000086e00000, 0x0000000086e00000| Untracked 
|  63|0x0000000086f00000, 0x0000000086f00000, 0x0000000087000000|  0%| F|  |TAMS 0x0000000086f00000, 0x0000000086f00000| Untracked 
|  64|0x0000000087000000, 0x0000000087000000, 0x0000000087100000|  0%| F|  |TAMS 0x0000000087000000, 0x0000000087000000| Untracked 
|  65|0x0000000087100000, 0x0000000087100000, 0x0000000087200000|  0%| F|  |TAMS 0x0000000087100000, 0x0000000087100000| Untracked 
|  66|0x0000000087200000, 0x0000000087200000, 0x0000000087300000|  0%| F|  |TAMS 0x0000000087200000, 0x0000000087200000| Untracked 
|  67|0x0000000087300000, 0x0000000087300000, 0x0000000087400000|  0%| F|  |TAMS 0x0000000087300000, 0x0000000087300000| Untracked 
|  68|0x0000000087400000, 0x0000000087400000, 0x0000000087500000|  0%| F|  |TAMS 0x0000000087400000, 0x0000000087400000| Untracked 
|  69|0x0000000087500000, 0x0000000087600000, 0x0000000087600000|100%| S|CS|TAMS 0x0000000087500000, 0x0000000087500000| Complete 
|  70|0x0000000087600000, 0x0000000087700000, 0x0000000087700000|100%| S|CS|TAMS 0x0000000087600000, 0x0000000087600000| Complete 
|  71|0x0000000087700000, 0x0000000087800000, 0x0000000087800000|100%| S|CS|TAMS 0x0000000087700000, 0x0000000087700000| Complete 
|  72|0x0000000087800000, 0x0000000087800000, 0x0000000087900000|  0%| F|  |TAMS 0x0000000087800000, 0x0000000087800000| Untracked 
|  73|0x0000000087900000, 0x0000000087900000, 0x0000000087a00000|  0%| F|  |TAMS 0x0000000087900000, 0x0000000087900000| Untracked 
|  74|0x0000000087a00000, 0x0000000087a00000, 0x0000000087b00000|  0%| F|  |TAMS 0x0000000087a00000, 0x0000000087a00000| Untracked 
|  75|0x0000000087b00000, 0x0000000087b00000, 0x0000000087c00000|  0%| F|  |TAMS 0x0000000087b00000, 0x0000000087b00000| Untracked 
|  76|0x0000000087c00000, 0x0000000087c00000, 0x0000000087d00000|  0%| F|  |TAMS 0x0000000087c00000, 0x0000000087c00000| Untracked 
|  77|0x0000000087d00000, 0x0000000087d80000, 0x0000000087e00000| 50%| E|  |TAMS 0x0000000087d00000, 0x0000000087d00000| Complete 
|  78|0x0000000087e00000, 0x0000000087f00000, 0x0000000087f00000|100%| E|CS|TAMS 0x0000000087e00000, 0x0000000087e00000| Complete 
|  79|0x0000000087f00000, 0x0000000088000000, 0x0000000088000000|100%| E|CS|TAMS 0x0000000087f00000, 0x0000000087f00000| Complete 
|  80|0x0000000088000000, 0x0000000088100000, 0x0000000088100000|100%| E|CS|TAMS 0x0000000088000000, 0x0000000088000000| Complete 
|  81|0x0000000088100000, 0x0000000088200000, 0x0000000088200000|100%| E|CS|TAMS 0x0000000088100000, 0x0000000088100000| Complete 
|  82|0x0000000088200000, 0x0000000088300000, 0x0000000088300000|100%| E|CS|TAMS 0x0000000088200000, 0x0000000088200000| Complete 
|  83|0x0000000088300000, 0x0000000088400000, 0x0000000088400000|100%| E|CS|TAMS 0x0000000088300000, 0x0000000088300000| Complete 
|  84|0x0000000088400000, 0x0000000088500000, 0x0000000088500000|100%| E|CS|TAMS 0x0000000088400000, 0x0000000088400000| Complete 
|  85|0x0000000088500000, 0x0000000088600000, 0x0000000088600000|100%| E|CS|TAMS 0x0000000088500000, 0x0000000088500000| Complete 
|  86|0x0000000088600000, 0x0000000088700000, 0x0000000088700000|100%| E|CS|TAMS 0x0000000088600000, 0x0000000088600000| Complete 
|  87|0x0000000088700000, 0x0000000088800000, 0x0000000088800000|100%| E|CS|TAMS 0x0000000088700000, 0x0000000088700000| Complete 
|  88|0x0000000088800000, 0x0000000088900000, 0x0000000088900000|100%| E|CS|TAMS 0x0000000088800000, 0x0000000088800000| Complete 
|  89|0x0000000088900000, 0x0000000088a00000, 0x0000000088a00000|100%| E|CS|TAMS 0x0000000088900000, 0x0000000088900000| Complete 
|  90|0x0000000088a00000, 0x0000000088b00000, 0x0000000088b00000|100%| E|CS|TAMS 0x0000000088a00000, 0x0000000088a00000| Complete 
|  91|0x0000000088b00000, 0x0000000088c00000, 0x0000000088c00000|100%| E|CS|TAMS 0x0000000088b00000, 0x0000000088b00000| Complete 
|  92|0x0000000088c00000, 0x0000000088d00000, 0x0000000088d00000|100%| E|CS|TAMS 0x0000000088c00000, 0x0000000088c00000| Complete 
|  93|0x0000000088d00000, 0x0000000088e00000, 0x0000000088e00000|100%| E|CS|TAMS 0x0000000088d00000, 0x0000000088d00000| Complete 
|  94|0x0000000088e00000, 0x0000000088f00000, 0x0000000088f00000|100%| E|CS|TAMS 0x0000000088e00000, 0x0000000088e00000| Complete 
|  95|0x0000000088f00000, 0x0000000089000000, 0x0000000089000000|100%| E|CS|TAMS 0x0000000088f00000, 0x0000000088f00000| Complete 
|  96|0x0000000089000000, 0x0000000089100000, 0x0000000089100000|100%| E|CS|TAMS 0x0000000089000000, 0x0000000089000000| Complete 
|  97|0x0000000089100000, 0x0000000089200000, 0x0000000089200000|100%| E|CS|TAMS 0x0000000089100000, 0x0000000089100000| Complete 
|  98|0x0000000089200000, 0x0000000089300000, 0x0000000089300000|100%| E|CS|TAMS 0x0000000089200000, 0x0000000089200000| Complete 
|  99|0x0000000089300000, 0x0000000089400000, 0x0000000089400000|100%| E|CS|TAMS 0x0000000089300000, 0x0000000089300000| Complete 
| 100|0x0000000089400000, 0x0000000089500000, 0x0000000089500000|100%| E|CS|TAMS 0x0000000089400000, 0x0000000089400000| Complete 
| 101|0x0000000089500000, 0x0000000089600000, 0x0000000089600000|100%| E|CS|TAMS 0x0000000089500000, 0x0000000089500000| Complete 
| 102|0x0000000089600000, 0x0000000089700000, 0x0000000089700000|100%| E|CS|TAMS 0x0000000089600000, 0x0000000089600000| Complete 
| 103|0x0000000089700000, 0x0000000089800000, 0x0000000089800000|100%| E|CS|TAMS 0x0000000089700000, 0x0000000089700000| Complete 
| 104|0x0000000089800000, 0x0000000089900000, 0x0000000089900000|100%| E|CS|TAMS 0x0000000089800000, 0x0000000089800000| Complete 
| 105|0x0000000089900000, 0x0000000089a00000, 0x0000000089a00000|100%| E|CS|TAMS 0x0000000089900000, 0x0000000089900000| Complete 
| 106|0x0000000089a00000, 0x0000000089b00000, 0x0000000089b00000|100%| E|CS|TAMS 0x0000000089a00000, 0x0000000089a00000| Complete 
| 107|0x0000000089b00000, 0x0000000089c00000, 0x0000000089c00000|100%| E|CS|TAMS 0x0000000089b00000, 0x0000000089b00000| Complete 
| 108|0x0000000089c00000, 0x0000000089d00000, 0x0000000089d00000|100%| E|CS|TAMS 0x0000000089c00000, 0x0000000089c00000| Complete 
| 109|0x0000000089d00000, 0x0000000089e00000, 0x0000000089e00000|100%| E|CS|TAMS 0x0000000089d00000, 0x0000000089d00000| Complete 
| 110|0x0000000089e00000, 0x0000000089f00000, 0x0000000089f00000|100%| E|CS|TAMS 0x0000000089e00000, 0x0000000089e00000| Complete 
| 111|0x0000000089f00000, 0x000000008a000000, 0x000000008a000000|100%| E|CS|TAMS 0x0000000089f00000, 0x0000000089f00000| Complete 
| 112|0x000000008a000000, 0x000000008a100000, 0x000000008a100000|100%| E|CS|TAMS 0x000000008a000000, 0x000000008a000000| Complete 
| 113|0x000000008a100000, 0x000000008a200000, 0x000000008a200000|100%| E|CS|TAMS 0x000000008a100000, 0x000000008a100000| Complete 
| 114|0x000000008a200000, 0x000000008a300000, 0x000000008a300000|100%| E|CS|TAMS 0x000000008a200000, 0x000000008a200000| Complete 
| 115|0x000000008a300000, 0x000000008a400000, 0x000000008a400000|100%| E|CS|TAMS 0x000000008a300000, 0x000000008a300000| Complete 
| 116|0x000000008a400000, 0x000000008a500000, 0x000000008a500000|100%| E|CS|TAMS 0x000000008a400000, 0x000000008a400000| Complete 
| 117|0x000000008a500000, 0x000000008a600000, 0x000000008a600000|100%| E|CS|TAMS 0x000000008a500000, 0x000000008a500000| Complete 
| 118|0x000000008a600000, 0x000000008a700000, 0x000000008a700000|100%| E|CS|TAMS 0x000000008a600000, 0x000000008a600000| Complete 
| 119|0x000000008a700000, 0x000000008a800000, 0x000000008a800000|100%| E|CS|TAMS 0x000000008a700000, 0x000000008a700000| Complete 
| 120|0x000000008a800000, 0x000000008a900000, 0x000000008a900000|100%| E|CS|TAMS 0x000000008a800000, 0x000000008a800000| Complete 
| 121|0x000000008a900000, 0x000000008aa00000, 0x000000008aa00000|100%| E|CS|TAMS 0x000000008a900000, 0x000000008a900000| Complete 
| 125|0x000000008ad00000, 0x000000008ae00000, 0x000000008ae00000|100%| E|CS|TAMS 0x000000008ad00000, 0x000000008ad00000| Complete 

Card table byte_map: [0x0000029ee8fc0000,0x0000029ee93b0000] _byte_map_base: 0x0000029ee8ba8000

Marking Bits (Prev, Next): (CMBitMap*) 0x0000029ed1dc7d70, (CMBitMap*) 0x0000029ed1dc7db0
 Prev Bits: [0x0000029ee97a0000, 0x0000029eeb6e0000)
 Next Bits: [0x0000029eeb6e0000, 0x0000029eed620000)

Polling page: 0x0000029ed1520000

Metaspace:

Usage:
  Non-class:     44.55 MB used.
      Class:      5.89 MB used.
       Both:     50.44 MB used.

Virtual space:
  Non-class space:       64.00 MB reserved,      44.69 MB ( 70%) committed,  1 nodes.
      Class space:        1.00 GB reserved,       6.00 MB ( <1%) committed,  1 nodes.
             Both:        1.06 GB reserved,      50.69 MB (  5%) committed. 

Chunk freelists:
   Non-Class:  2.06 MB
       Class:  10.00 MB
        Both:  12.06 MB

MaxMetaspaceSize: unlimited
CompressedClassSpaceSize: 1.00 GB
Initial GC threshold: 21.00 MB
Current GC threshold: 59.06 MB
CDS: on
MetaspaceReclaimPolicy: balanced
 - commit_granule_bytes: 65536.
 - commit_granule_words: 8192.
 - virtual_space_node_default_size: 8388608.
 - enlarge_chunks_in_place: 1.
 - new_chunks_are_fully_committed: 0.
 - uncommit_free_chunks: 1.
 - use_allocation_guard: 0.
 - handle_deallocations: 1.


Internal statistics:

num_allocs_failed_limit: 8.
num_arena_births: 224.
num_arena_deaths: 0.
num_vsnodes_births: 2.
num_vsnodes_deaths: 0.
num_space_committed: 809.
num_space_uncommitted: 0.
num_chunks_returned_to_freelist: 8.
num_chunks_taken_from_freelist: 2013.
num_chunk_merges: 8.
num_chunk_splits: 1666.
num_chunks_enlarged: 1509.
num_inconsistent_stats: 0.

CodeHeap 'non-profiled nmethods': size=120000Kb used=3312Kb max_used=3312Kb free=116687Kb
 bounds [0x0000029ee1370000, 0x0000029ee16b0000, 0x0000029ee88a0000]
CodeHeap 'profiled nmethods': size=120000Kb used=17625Kb max_used=17625Kb free=102374Kb
 bounds [0x0000029ed98a0000, 0x0000029eda9e0000, 0x0000029ee0dd0000]
CodeHeap 'non-nmethods': size=5760Kb used=1344Kb max_used=1389Kb free=4415Kb
 bounds [0x0000029ee0dd0000, 0x0000029ee1040000, 0x0000029ee1370000]
 total_blobs=7394 nmethods=6731 adapters=573
 compilation: enabled
              stopped_count=0, restarted_count=0
 full_count=0

Compilation events (20 events):
Event: 5.980 Thread 0x0000029ef00660e0 7577       3       org.jetbrains.kotlin.serialization.deserialization.TypeDeserializer$simpleType$annotations$1::invoke (5 bytes)
Event: 5.980 Thread 0x0000029ef00660e0 nmethod 7577 0x0000029eda9b8390 code [0x0000029eda9b8540, 0x0000029eda9b8808]
Event: 5.980 Thread 0x0000029ef00660e0 7578       3       org.jetbrains.kotlin.serialization.deserialization.TypeDeserializer$simpleType$annotations$1::invoke (33 bytes)
Event: 5.980 Thread 0x0000029ef00660e0 nmethod 7578 0x0000029eda9b8990 code [0x0000029eda9b8b40, 0x0000029eda9b8da8]
Event: 5.980 Thread 0x0000029ef00660e0 7579       3       org.jetbrains.kotlin.serialization.deserialization.TypeDeserializer::simpleType$collectAllArguments (53 bytes)
Event: 5.980 Thread 0x0000029ef00660e0 nmethod 7579 0x0000029eda9b8f10 code [0x0000029eda9b9100, 0x0000029eda9b9638]
Event: 5.980 Thread 0x0000029ef00660e0 7580       3       org.jetbrains.kotlin.metadata.deserialization.ProtoTypeTableUtilKt::outerType (47 bytes)
Event: 5.981 Thread 0x0000029ef00660e0 nmethod 7580 0x0000029eda9b9810 code [0x0000029eda9b9b00, 0x0000029eda9ba9e8]
Event: 5.981 Thread 0x0000029ef00660e0 7581       3       org.jetbrains.kotlin.metadata.ProtoBuf$Type::hasOuterTypeId (20 bytes)
Event: 5.981 Thread 0x0000029ef00660e0 nmethod 7581 0x0000029eda9bae90 code [0x0000029eda9bb020, 0x0000029eda9bb198]
Event: 5.981 Thread 0x0000029ef00660e0 7582       3       org.jetbrains.kotlin.metadata.deserialization.ProtoTypeTableUtilKt::abbreviatedType (47 bytes)
Event: 5.982 Thread 0x0000029ef00660e0 nmethod 7582 0x0000029eda9bb210 code [0x0000029eda9bb500, 0x0000029eda9bc3e8]
Event: 5.982 Thread 0x0000029ef00660e0 7583       1       org.jetbrains.kotlin.metadata.ProtoBuf$Class::getFunctionList (5 bytes)
Event: 5.982 Thread 0x0000029ef00660e0 nmethod 7583 0x0000029ee16aaa90 code [0x0000029ee16aac20, 0x0000029ee16aacf8]
Event: 5.982 Thread 0x0000029ef00660e0 7584       1       org.jetbrains.kotlin.metadata.ProtoBuf$Class::getPropertyList (5 bytes)
Event: 5.982 Thread 0x0000029ef00660e0 nmethod 7584 0x0000029ee16aad90 code [0x0000029ee16aaf20, 0x0000029ee16aaff8]
Event: 5.982 Thread 0x0000029ef00660e0 7585       1       org.jetbrains.kotlin.metadata.ProtoBuf$Class::getTypeAliasList (5 bytes)
Event: 5.982 Thread 0x0000029ef00660e0 nmethod 7585 0x0000029ee16ab090 code [0x0000029ee16ab220, 0x0000029ee16ab2f8]
Event: 5.982 Thread 0x0000029ef00660e0 7586       1       org.jetbrains.kotlin.metadata.ProtoBuf$Class::getNestedClassNameList (5 bytes)
Event: 5.982 Thread 0x0000029ef00660e0 nmethod 7586 0x0000029ee16ab390 code [0x0000029ee16ab520, 0x0000029ee16ab5f8]

GC Heap History (20 events):
Event: 1.023 GC heap before
{Heap before GC invocations=1 (full 0):
 garbage-first heap   total 129024K, used 43008K [0x0000000083000000, 0x0000000100000000)
  region size 1024K, 36 young (36864K), 3 survivors (3072K)
 Metaspace       used 15237K, committed 15488K, reserved 1114112K
  class space    used 2013K, committed 2112K, reserved 1048576K
}
Event: 1.028 GC heap after
{Heap after GC invocations=2 (full 0):
 garbage-first heap   total 129024K, used 12887K [0x0000000083000000, 0x0000000100000000)
  region size 1024K, 4 young (4096K), 4 survivors (4096K)
 Metaspace       used 15237K, committed 15488K, reserved 1114112K
  class space    used 2013K, committed 2112K, reserved 1048576K
}
Event: 1.462 GC heap before
{Heap before GC invocations=2 (full 0):
 garbage-first heap   total 129024K, used 41559K [0x0000000083000000, 0x0000000100000000)
  region size 1024K, 33 young (33792K), 4 survivors (4096K)
 Metaspace       used 21325K, committed 21504K, reserved 1114112K
  class space    used 2896K, committed 3008K, reserved 1048576K
}
Event: 1.468 GC heap after
{Heap after GC invocations=3 (full 0):
 garbage-first heap   total 129024K, used 14364K [0x0000000083000000, 0x0000000100000000)
  region size 1024K, 8 young (8192K), 8 survivors (8192K)
 Metaspace       used 21325K, committed 21504K, reserved 1114112K
  class space    used 2896K, committed 3008K, reserved 1048576K
}
Event: 1.802 GC heap before
{Heap before GC invocations=4 (full 0):
 garbage-first heap   total 55296K, used 38940K [0x0000000083000000, 0x0000000100000000)
  region size 1024K, 32 young (32768K), 8 survivors (8192K)
 Metaspace       used 25921K, committed 26112K, reserved 1114112K
  class space    used 3312K, committed 3392K, reserved 1048576K
}
Event: 1.813 GC heap after
{Heap after GC invocations=5 (full 0):
 garbage-first heap   total 55296K, used 17017K [0x0000000083000000, 0x0000000100000000)
  region size 1024K, 3 young (3072K), 3 survivors (3072K)
 Metaspace       used 25921K, committed 26112K, reserved 1114112K
  class space    used 3312K, committed 3392K, reserved 1048576K
}
Event: 1.821 GC heap before
{Heap before GC invocations=5 (full 0):
 garbage-first heap   total 55296K, used 18041K [0x0000000083000000, 0x0000000100000000)
  region size 1024K, 4 young (4096K), 3 survivors (3072K)
 Metaspace       used 25931K, committed 26112K, reserved 1114112K
  class space    used 3312K, committed 3392K, reserved 1048576K
}
Event: 1.826 GC heap after
{Heap after GC invocations=6 (full 0):
 garbage-first heap   total 55296K, used 18118K [0x0000000083000000, 0x0000000100000000)
  region size 1024K, 1 young (1024K), 1 survivors (1024K)
 Metaspace       used 25931K, committed 26112K, reserved 1114112K
  class space    used 3312K, committed 3392K, reserved 1048576K
}
Event: 2.228 GC heap before
{Heap before GC invocations=6 (full 0):
 garbage-first heap   total 55296K, used 39622K [0x0000000083000000, 0x0000000100000000)
  region size 1024K, 22 young (22528K), 1 survivors (1024K)
 Metaspace       used 31500K, committed 31744K, reserved 1114112K
  class space    used 3947K, committed 4032K, reserved 1048576K
}
Event: 2.235 GC heap after
{Heap after GC invocations=7 (full 0):
 garbage-first heap   total 110592K, used 19690K [0x0000000083000000, 0x0000000100000000)
  region size 1024K, 3 young (3072K), 3 survivors (3072K)
 Metaspace       used 31500K, committed 31744K, reserved 1114112K
  class space    used 3947K, committed 4032K, reserved 1048576K
}
Event: 2.862 GC heap before
{Heap before GC invocations=7 (full 0):
 garbage-first heap   total 110592K, used 76010K [0x0000000083000000, 0x0000000100000000)
  region size 1024K, 56 young (57344K), 3 survivors (3072K)
 Metaspace       used 35713K, committed 35968K, reserved 1114112K
  class space    used 4410K, committed 4544K, reserved 1048576K
}
Event: 2.873 GC heap after
{Heap after GC invocations=8 (full 0):
 garbage-first heap   total 110592K, used 28025K [0x0000000083000000, 0x0000000100000000)
  region size 1024K, 8 young (8192K), 8 survivors (8192K)
 Metaspace       used 35713K, committed 35968K, reserved 1114112K
  class space    used 4410K, committed 4544K, reserved 1048576K
}
Event: 3.744 GC heap before
{Heap before GC invocations=9 (full 0):
 garbage-first heap   total 99328K, used 75129K [0x0000000083000000, 0x0000000100000000)
  region size 1024K, 54 young (55296K), 8 survivors (8192K)
 Metaspace       used 39049K, committed 39296K, reserved 1114112K
  class space    used 4685K, committed 4800K, reserved 1048576K
}
Event: 3.764 GC heap after
{Heap after GC invocations=10 (full 0):
 garbage-first heap   total 99328K, used 36262K [0x0000000083000000, 0x0000000100000000)
  region size 1024K, 7 young (7168K), 7 survivors (7168K)
 Metaspace       used 39049K, committed 39296K, reserved 1114112K
  class space    used 4685K, committed 4800K, reserved 1048576K
}
Event: 3.979 GC heap before
{Heap before GC invocations=10 (full 0):
 garbage-first heap   total 99328K, used 72102K [0x0000000083000000, 0x0000000100000000)
  region size 1024K, 42 young (43008K), 7 survivors (7168K)
 Metaspace       used 39509K, committed 39808K, reserved 1114112K
  class space    used 4710K, committed 4864K, reserved 1048576K
}
Event: 3.995 GC heap after
{Heap after GC invocations=11 (full 0):
 garbage-first heap   total 99328K, used 40825K [0x0000000083000000, 0x0000000100000000)
  region size 1024K, 5 young (5120K), 5 survivors (5120K)
 Metaspace       used 39509K, committed 39808K, reserved 1114112K
  class space    used 4710K, committed 4864K, reserved 1048576K
}
Event: 4.041 GC heap before
{Heap before GC invocations=11 (full 0):
 garbage-first heap   total 99328K, used 74617K [0x0000000083000000, 0x0000000100000000)
  region size 1024K, 38 young (38912K), 5 survivors (5120K)
 Metaspace       used 39510K, committed 39808K, reserved 1114112K
  class space    used 4710K, committed 4864K, reserved 1048576K
}
Event: 4.047 GC heap after
{Heap after GC invocations=12 (full 0):
 garbage-first heap   total 125952K, used 41804K [0x0000000083000000, 0x0000000100000000)
  region size 1024K, 1 young (1024K), 1 survivors (1024K)
 Metaspace       used 39510K, committed 39808K, reserved 1114112K
  class space    used 4710K, committed 4864K, reserved 1048576K
}
Event: 4.763 GC heap before
{Heap before GC invocations=12 (full 0):
 garbage-first heap   total 125952K, used 94028K [0x0000000083000000, 0x0000000100000000)
  region size 1024K, 52 young (53248K), 1 survivors (1024K)
 Metaspace       used 45804K, committed 46080K, reserved 1114112K
  class space    used 5574K, committed 5696K, reserved 1048576K
}
Event: 4.770 GC heap after
{Heap after GC invocations=13 (full 0):
 garbage-first heap   total 125952K, used 43897K [0x0000000083000000, 0x0000000100000000)
  region size 1024K, 3 young (3072K), 3 survivors (3072K)
 Metaspace       used 45804K, committed 46080K, reserved 1114112K
  class space    used 5574K, committed 5696K, reserved 1048576K
}

Dll operation events (7 events):
Event: 0.006 Loaded shared library C:\Users\Parshant\.jdks\corretto-17.0.14\bin\java.dll
Event: 0.024 Loaded shared library C:\Users\Parshant\.jdks\corretto-17.0.14\bin\jsvml.dll
Event: 0.061 Loaded shared library C:\Users\Parshant\.jdks\corretto-17.0.14\bin\net.dll
Event: 0.062 Loaded shared library C:\Users\Parshant\.jdks\corretto-17.0.14\bin\nio.dll
Event: 0.085 Loaded shared library C:\Users\Parshant\.jdks\corretto-17.0.14\bin\zip.dll
Event: 0.106 Loaded shared library C:\Users\Parshant\.jdks\corretto-17.0.14\bin\jimage.dll
Event: 0.769 Loaded shared library C:\Users\Parshant\.jdks\corretto-17.0.14\bin\verify.dll

Deoptimization events (20 events):
Event: 5.956 Thread 0x0000029ecfc3dff0 DEOPT PACKING pc=0x0000029ee14ed150 sp=0x000000b7f73fd900
Event: 5.956 Thread 0x0000029ecfc3dff0 DEOPT UNPACKING pc=0x0000029ee0e269a3 sp=0x000000b7f73fd8b0 mode 2
Event: 5.956 Thread 0x0000029ecfc3dff0 Uncommon trap: trap_request=0xffffffc6 fr.pc=0x0000029ee15b6fd8 relative=0x00000000000004f8
Event: 5.956 Thread 0x0000029ecfc3dff0 Uncommon trap: reason=bimorphic_or_optimized_type_check action=maybe_recompile pc=0x0000029ee15b6fd8 method=org.jetbrains.kotlin.types.TypeConstructorSubstitution$Companion$createByConstructorsMap$1.isEmpty()Z @ 4 c2
Event: 5.956 Thread 0x0000029ecfc3dff0 DEOPT PACKING pc=0x0000029ee15b6fd8 sp=0x000000b7f73fdda0
Event: 5.956 Thread 0x0000029ecfc3dff0 DEOPT UNPACKING pc=0x0000029ee0e269a3 sp=0x000000b7f73fdbd8 mode 2
Event: 5.956 Thread 0x0000029ecfc3dff0 Uncommon trap: trap_request=0xffffffde fr.pc=0x0000029ee162dec4 relative=0x00000000000005c4
Event: 5.956 Thread 0x0000029ecfc3dff0 Uncommon trap: reason=class_check action=maybe_recompile pc=0x0000029ee162dec4 method=org.jetbrains.kotlin.storage.LockBasedStorageManager$LockBasedLazyValue.invoke()Ljava/lang/Object; @ 24 c2
Event: 5.956 Thread 0x0000029ecfc3dff0 DEOPT PACKING pc=0x0000029ee162dec4 sp=0x000000b7f73fd810
Event: 5.956 Thread 0x0000029ecfc3dff0 DEOPT UNPACKING pc=0x0000029ee0e269a3 sp=0x000000b7f73fd6f8 mode 2
Event: 5.957 Thread 0x0000029ecfc3dff0 DEOPT PACKING pc=0x0000029eda28384c sp=0x000000b7f73fe600
Event: 5.957 Thread 0x0000029ecfc3dff0 DEOPT UNPACKING pc=0x0000029ee0e27143 sp=0x000000b7f73fdb00 mode 0
Event: 5.964 Thread 0x0000029ecfc3dff0 Uncommon trap: trap_request=0xffffffc6 fr.pc=0x0000029ee15b6fd8 relative=0x00000000000004f8
Event: 5.964 Thread 0x0000029ecfc3dff0 Uncommon trap: reason=bimorphic_or_optimized_type_check action=maybe_recompile pc=0x0000029ee15b6fd8 method=org.jetbrains.kotlin.types.TypeConstructorSubstitution$Companion$createByConstructorsMap$1.isEmpty()Z @ 4 c2
Event: 5.964 Thread 0x0000029ecfc3dff0 DEOPT PACKING pc=0x0000029ee15b6fd8 sp=0x000000b7f73fddf0
Event: 5.964 Thread 0x0000029ecfc3dff0 DEOPT UNPACKING pc=0x0000029ee0e269a3 sp=0x000000b7f73fdc28 mode 2
Event: 5.977 Thread 0x0000029ecfc3dff0 Uncommon trap: trap_request=0xffffffc6 fr.pc=0x0000029ee15b6fd8 relative=0x00000000000004f8
Event: 5.978 Thread 0x0000029ecfc3dff0 Uncommon trap: reason=bimorphic_or_optimized_type_check action=maybe_recompile pc=0x0000029ee15b6fd8 method=org.jetbrains.kotlin.types.TypeConstructorSubstitution$Companion$createByConstructorsMap$1.isEmpty()Z @ 4 c2
Event: 5.978 Thread 0x0000029ecfc3dff0 DEOPT PACKING pc=0x0000029ee15b6fd8 sp=0x000000b7f73fdd20
Event: 5.978 Thread 0x0000029ecfc3dff0 DEOPT UNPACKING pc=0x0000029ee0e269a3 sp=0x000000b7f73fdb58 mode 2

Classes loaded (20 events):
Event: 4.599 Loading class java/util/stream/Node$OfInt done
Event: 4.599 Loading class java/util/stream/Nodes$EmptyNode$OfInt done
Event: 4.599 Loading class java/util/stream/Nodes$EmptyNode$OfLong
Event: 4.599 Loading class java/util/stream/Node$OfLong
Event: 4.599 Loading class java/util/stream/Node$OfLong done
Event: 4.599 Loading class java/util/stream/Nodes$EmptyNode$OfLong done
Event: 4.599 Loading class java/util/stream/Nodes$EmptyNode$OfDouble
Event: 4.599 Loading class java/util/stream/Node$OfDouble
Event: 4.599 Loading class java/util/stream/Node$OfDouble done
Event: 4.599 Loading class java/util/stream/Nodes$EmptyNode$OfDouble done
Event: 4.599 Loading class java/util/stream/Nodes$SpinedNodeBuilder
Event: 4.599 Loading class java/util/stream/Node$Builder
Event: 4.599 Loading class java/util/stream/Node$Builder done
Event: 4.599 Loading class java/util/stream/SpinedBuffer
Event: 4.599 Loading class java/util/stream/AbstractSpinedBuffer
Event: 4.599 Loading class java/util/stream/AbstractSpinedBuffer done
Event: 4.599 Loading class java/util/stream/SpinedBuffer done
Event: 4.599 Loading class java/util/stream/Nodes$SpinedNodeBuilder done
Event: 4.800 Loading class jdk/internal/math/FDBigInteger
Event: 4.800 Loading class jdk/internal/math/FDBigInteger done

Classes unloaded (0 events):
No events

Classes redefined (0 events):
No events

Internal exceptions (20 events):
Event: 3.003 Thread 0x0000029ecfc3dff0 Exception <a 'java/lang/NoSuchMethodError'{0x0000000088ca5d18}: 'java.lang.Object java.lang.invoke.DirectMethodHandle$Holder.newInvokeSpecial(java.lang.Object, java.lang.Object, java.lang.Object, java.lang.Object, java.lang.Object, java.lang.Object, java.lang.Object, java.lang.Object)'> (0x0000000088ca5d18) 
thrown [s\src\hotspot\share\interpreter\linkResolver.cpp, line 759]
Event: 3.003 Thread 0x0000029ecfc3dff0 Exception <a 'java/lang/NoSuchMethodError'{0x0000000088cab330}: 'java.lang.Object java.lang.invoke.DirectMethodHandle$Holder.invokeSpecial(java.lang.Object, java.lang.Object, java.lang.Object, java.lang.Object, java.lang.Object, java.lang.Object, java.lang.Object, java.lang.Object, java.lang.Object)'> (0x0000000088cab330) 
thrown [s\src\hotspot\share\interpreter\linkResolver.cpp, line 759]
Event: 3.003 Thread 0x0000029ecfc3dff0 Exception <a 'java/lang/NoSuchMethodError'{0x0000000088cb0260}: 'java.lang.Object java.lang.invoke.Invokers$Holder.linkToTargetMethod(java.lang.Object, java.lang.Object, java.lang.Object, java.lang.Object, java.lang.Object, java.lang.Object, java.lang.Object, java.lang.Object)'> (0x0000000088cb0260) 
thrown [s\src\hotspot\share\interpreter\linkResolver.cpp, line 759]
Event: 3.591 Thread 0x0000029ecfc3dff0 Implicit null exception at 0x0000029ee149c971 to 0x0000029ee149cb64
Event: 3.591 Thread 0x0000029ecfc3dff0 Implicit null exception at 0x0000029ee13a398f to 0x0000029ee13a3a09
Event: 4.105 Thread 0x0000029ecfc3dff0 Exception <a 'java/lang/NoSuchMethodError'{0x0000000089affd28}: 'java.lang.Object java.lang.invoke.DirectMethodHandle$Holder.newInvokeSpecial(java.lang.Object, java.lang.Object, java.lang.Object, java.lang.Object, java.lang.Object)'> (0x0000000089affd28) 
thrown [s\src\hotspot\share\interpreter\linkResolver.cpp, line 759]
Event: 4.215 Thread 0x0000029ecfc3dff0 Exception <a 'java/lang/NoSuchMethodError'{0x000000008957ccc8}: 'java.lang.Object java.lang.invoke.DirectMethodHandle$Holder.newInvokeSpecial(java.lang.Object, java.lang.Object, java.lang.Object, java.lang.Object, java.lang.Object, java.lang.Object, java.lang.Object)'> (0x000000008957ccc8) 
thrown [s\src\hotspot\share\interpreter\linkResolver.cpp, line 759]
Event: 4.216 Thread 0x0000029ecfc3dff0 Exception <a 'java/lang/NoSuchMethodError'{0x0000000089581ae0}: 'java.lang.Object java.lang.invoke.Invokers$Holder.linkToTargetMethod(java.lang.Object, java.lang.Object, java.lang.Object, java.lang.Object, java.lang.Object, java.lang.Object, java.lang.Object)'> (0x0000000089581ae0) 
thrown [s\src\hotspot\share\interpreter\linkResolver.cpp, line 759]
Event: 4.251 Thread 0x0000029ecfc3dff0 Implicit null exception at 0x0000029ee14505a0 to 0x0000029ee1450698
Event: 4.251 Thread 0x0000029ecfc3dff0 Implicit null exception at 0x0000029ee141c9e0 to 0x0000029ee141ca7a
Event: 4.424 Thread 0x0000029ecfc3dff0 Implicit null exception at 0x0000029ee145c24c to 0x0000029ee145c340
Event: 4.546 Thread 0x0000029ecfc3dff0 Exception <a 'java/lang/NoSuchMethodError'{0x0000000087e41958}: 'java.lang.Object java.lang.invoke.DirectMethodHandle$Holder.invokeStatic(java.lang.Object, java.lang.Object, java.lang.Object, java.lang.Object, int)'> (0x0000000087e41958) 
thrown [s\src\hotspot\share\interpreter\linkResolver.cpp, line 759]
Event: 4.546 Thread 0x0000029ecfc3dff0 Exception <a 'java/lang/NoSuchMethodError'{0x0000000087e4b640}: 'java.lang.Object java.lang.invoke.DirectMethodHandle$Holder.newInvokeSpecial(java.lang.Object, java.lang.Object, java.lang.Object, java.lang.Object, int)'> (0x0000000087e4b640) 
thrown [s\src\hotspot\share\interpreter\linkResolver.cpp, line 759]
Event: 4.547 Thread 0x0000029ecfc3dff0 Exception <a 'java/lang/NoSuchMethodError'{0x0000000087e50078}: 'java.lang.Object java.lang.invoke.DirectMethodHandle$Holder.invokeSpecial(java.lang.Object, java.lang.Object, java.lang.Object, java.lang.Object, java.lang.Object, int)'> (0x0000000087e50078) 
thrown [s\src\hotspot\share\interpreter\linkResolver.cpp, line 759]
Event: 4.547 Thread 0x0000029ecfc3dff0 Exception <a 'java/lang/NoSuchMethodError'{0x0000000087e54558}: 'java.lang.Object java.lang.invoke.Invokers$Holder.linkToTargetMethod(java.lang.Object, java.lang.Object, java.lang.Object, int, java.lang.Object)'> (0x0000000087e54558) 
thrown [s\src\hotspot\share\interpreter\linkResolver.cpp, line 759]
Event: 4.596 Thread 0x0000029ecfc3dff0 Exception <a 'java/lang/NoSuchMethodError'{0x0000000087c5b360}: 'void java.lang.invoke.DirectMethodHandle$Holder.invokeInterface(java.lang.Object, java.lang.Object)'> (0x0000000087c5b360) 
thrown [s\src\hotspot\share\interpreter\linkResolver.cpp, line 759]
Event: 4.670 Thread 0x0000029ecfc3dff0 Exception <a 'java/lang/IncompatibleClassChangeError'{0x0000000087a60b80}: Found class java.lang.Object, but interface was expected> (0x0000000087a60b80) 
thrown [s\src\hotspot\share\interpreter\linkResolver.cpp, line 826]
Event: 4.773 Thread 0x0000029ecfc3dff0 Exception <a 'java/lang/NoSuchMethodError'{0x000000008ad0a978}: 'java.lang.Object java.lang.invoke.DirectMethodHandle$Holder.invokeInterface(java.lang.Object, java.lang.Object, java.lang.Object)'> (0x000000008ad0a978) 
thrown [s\src\hotspot\share\interpreter\linkResolver.cpp, line 759]
Event: 4.774 Thread 0x0000029ecfc3dff0 Exception <a 'java/lang/IncompatibleClassChangeError'{0x000000008ad0e2e8}: Found class java.lang.Object, but interface was expected> (0x000000008ad0e2e8) 
thrown [s\src\hotspot\share\interpreter\linkResolver.cpp, line 826]
Event: 5.705 Thread 0x0000029ecfc3dff0 Implicit null exception at 0x0000029ee14ee2f1 to 0x0000029ee14ee4e8

VM Operations (20 events):
Event: 5.825 Executing VM operation: HandshakeAllThreads
Event: 5.825 Executing VM operation: HandshakeAllThreads done
Event: 5.830 Executing VM operation: ICBufferFull
Event: 5.830 Executing VM operation: ICBufferFull done
Event: 5.840 Executing VM operation: HandshakeAllThreads
Event: 5.840 Executing VM operation: HandshakeAllThreads done
Event: 5.899 Executing VM operation: HandshakeAllThreads
Event: 5.900 Executing VM operation: HandshakeAllThreads done
Event: 5.922 Executing VM operation: HandshakeAllThreads
Event: 5.922 Executing VM operation: HandshakeAllThreads done
Event: 5.926 Executing VM operation: HandshakeAllThreads
Event: 5.926 Executing VM operation: HandshakeAllThreads done
Event: 5.935 Executing VM operation: HandshakeAllThreads
Event: 5.935 Executing VM operation: HandshakeAllThreads done
Event: 5.946 Executing VM operation: HandshakeAllThreads
Event: 5.946 Executing VM operation: HandshakeAllThreads done
Event: 5.955 Executing VM operation: HandshakeAllThreads
Event: 5.955 Executing VM operation: HandshakeAllThreads done
Event: 5.969 Executing VM operation: ICBufferFull
Event: 5.969 Executing VM operation: ICBufferFull done

Memory protections (0 events):
No events

Nmethod flushes (20 events):
Event: 4.474 Thread 0x0000029ef0072580 flushing  nmethod 0x0000029eda54a810
Event: 4.474 Thread 0x0000029ef0072580 flushing  nmethod 0x0000029eda54b510
Event: 4.474 Thread 0x0000029ef0072580 flushing  nmethod 0x0000029eda54e710
Event: 4.474 Thread 0x0000029ef0072580 flushing  nmethod 0x0000029eda54fd90
Event: 4.474 Thread 0x0000029ef0072580 flushing  nmethod 0x0000029eda550110
Event: 4.474 Thread 0x0000029ef0072580 flushing  nmethod 0x0000029eda55c190
Event: 4.474 Thread 0x0000029ef0072580 flushing  nmethod 0x0000029eda560b90
Event: 4.474 Thread 0x0000029ef0072580 flushing  nmethod 0x0000029eda569c90
Event: 4.474 Thread 0x0000029ef0072580 flushing  nmethod 0x0000029eda577990
Event: 5.826 Thread 0x0000029ef0072580 flushing  nmethod 0x0000029ee156b210
Event: 5.826 Thread 0x0000029ef0072580 flushing  nmethod 0x0000029ee156d310
Event: 5.832 Thread 0x0000029ef0072580 flushing  nmethod 0x0000029ed9ffdf10
Event: 5.832 Thread 0x0000029ef0072580 flushing  nmethod 0x0000029eda0dba10
Event: 5.833 Thread 0x0000029ef0072580 flushing  nmethod 0x0000029eda1bf310
Event: 5.833 Thread 0x0000029ef0072580 flushing  nmethod 0x0000029eda1f2b90
Event: 5.833 Thread 0x0000029ef0072580 flushing  nmethod 0x0000029eda278c90
Event: 5.835 Thread 0x0000029ef0072580 flushing  nmethod 0x0000029eda462410
Event: 5.835 Thread 0x0000029ef0072580 flushing  nmethod 0x0000029eda595c90
Event: 5.835 Thread 0x0000029ef0072580 flushing  nmethod 0x0000029eda596b90
Event: 5.835 Thread 0x0000029ef0072580 flushing  nmethod 0x0000029eda59e490

Events (13 events):
Event: 0.024 Thread 0x0000029ecfc3dff0 Thread added: 0x0000029ecfc3dff0
Event: 0.026 Thread 0x0000029ecfc3dff0 Thread added: 0x0000029ef003edc0
Event: 0.026 Thread 0x0000029ecfc3dff0 Thread added: 0x0000029ef003fa40
Event: 0.034 Thread 0x0000029ecfc3dff0 Thread added: 0x0000029ef0056b30
Event: 0.034 Thread 0x0000029ecfc3dff0 Thread added: 0x0000029ef00574f0
Event: 0.034 Thread 0x0000029ecfc3dff0 Thread added: 0x0000029ef0057eb0
Event: 0.034 Thread 0x0000029ecfc3dff0 Thread added: 0x0000029ef0058870
Event: 0.035 Thread 0x0000029ecfc3dff0 Thread added: 0x0000029ef005d620
Event: 0.035 Thread 0x0000029ecfc3dff0 Thread added: 0x0000029ef00660e0
Event: 0.035 Thread 0x0000029ecfc3dff0 Thread added: 0x0000029ef0072580
Event: 0.057 Thread 0x0000029ecfc3dff0 Thread added: 0x0000029ef02ae660
Event: 0.058 Thread 0x0000029ecfc3dff0 Thread added: 0x0000029ef02b1bc0
Event: 0.074 Thread 0x0000029ef005d620 Thread added: 0x0000029ef02f46d0


Dynamic libraries:
0x00007ff698320000 - 0x00007ff69832e000 	C:\Users\Parshant\.jdks\corretto-17.0.14\bin\java.exe
0x00007ff935df0000 - 0x00007ff936007000 	C:\WINDOWS\SYSTEM32\ntdll.dll
0x00007ff934a70000 - 0x00007ff934b34000 	C:\WINDOWS\System32\KERNEL32.DLL
0x00007ff933460000 - 0x00007ff933833000 	C:\WINDOWS\System32\KERNELBASE.dll
0x00007ff932f10000 - 0x00007ff933021000 	C:\WINDOWS\System32\ucrtbase.dll
0x00007ff92a230000 - 0x00007ff92a247000 	C:\Users\Parshant\.jdks\corretto-17.0.14\bin\jli.dll
0x00007ff92b580000 - 0x00007ff92b59b000 	C:\Users\Parshant\.jdks\corretto-17.0.14\bin\VCRUNTIME140.dll
0x00007ff935bf0000 - 0x00007ff935da1000 	C:\WINDOWS\System32\USER32.dll
0x00007ff9330d0000 - 0x00007ff9330f6000 	C:\WINDOWS\System32\win32u.dll
0x00007ff90a820000 - 0x00007ff90aab8000 	C:\WINDOWS\WinSxS\amd64_microsoft.windows.common-controls_6595b64144ccf1df_6.0.22621.5124_none_270e8f4f7386d69d\COMCTL32.dll
0x00007ff935b40000 - 0x00007ff935be7000 	C:\WINDOWS\System32\msvcrt.dll
0x00007ff934440000 - 0x00007ff934469000 	C:\WINDOWS\System32\GDI32.dll
0x00007ff933980000 - 0x00007ff933a9b000 	C:\WINDOWS\System32\gdi32full.dll
0x00007ff933030000 - 0x00007ff9330ca000 	C:\WINDOWS\System32\msvcp_win.dll
0x00007ff934bf0000 - 0x00007ff934c21000 	C:\WINDOWS\System32\IMM32.DLL
0x00007ff92b510000 - 0x00007ff92b51c000 	C:\Users\Parshant\.jdks\corretto-17.0.14\bin\vcruntime140_1.dll
0x00007ff91e340000 - 0x00007ff91e3cd000 	C:\Users\Parshant\.jdks\corretto-17.0.14\bin\msvcp140.dll
0x00007ff8b7360000 - 0x00007ff8b7fcc000 	C:\Users\Parshant\.jdks\corretto-17.0.14\bin\server\jvm.dll
0x00007ff933b50000 - 0x00007ff933c01000 	C:\WINDOWS\System32\ADVAPI32.dll
0x00007ff933aa0000 - 0x00007ff933b48000 	C:\WINDOWS\System32\sechost.dll
0x00007ff9332c0000 - 0x00007ff9332e8000 	C:\WINDOWS\System32\bcrypt.dll
0x00007ff934780000 - 0x00007ff934894000 	C:\WINDOWS\System32\RPCRT4.dll
0x00007ff9346e0000 - 0x00007ff934751000 	C:\WINDOWS\System32\WS2_32.dll
0x00007ff931da0000 - 0x00007ff931ded000 	C:\WINDOWS\SYSTEM32\POWRPROF.dll
0x00007ff9293e0000 - 0x00007ff929414000 	C:\WINDOWS\SYSTEM32\WINMM.dll
0x00007ff92e190000 - 0x00007ff92e19a000 	C:\WINDOWS\SYSTEM32\VERSION.dll
0x00007ff931d80000 - 0x00007ff931d93000 	C:\WINDOWS\SYSTEM32\UMPDC.dll
0x00007ff932030000 - 0x00007ff932048000 	C:\WINDOWS\SYSTEM32\kernel.appcore.dll
0x00007ff92afa0000 - 0x00007ff92afaa000 	C:\Users\Parshant\.jdks\corretto-17.0.14\bin\jimage.dll
0x00007ff92caa0000 - 0x00007ff92ccd2000 	C:\WINDOWS\SYSTEM32\DBGHELP.DLL
0x00007ff9357a0000 - 0x00007ff935b32000 	C:\WINDOWS\System32\combase.dll
0x00007ff934c30000 - 0x00007ff934d07000 	C:\WINDOWS\System32\OLEAUT32.dll
0x00007ff92c760000 - 0x00007ff92c792000 	C:\WINDOWS\SYSTEM32\dbgcore.DLL
0x00007ff9331c0000 - 0x00007ff93323b000 	C:\WINDOWS\System32\bcryptPrimitives.dll
0x00007ff91ea10000 - 0x00007ff91ea35000 	C:\Users\Parshant\.jdks\corretto-17.0.14\bin\java.dll
0x00007ff8ed7c0000 - 0x00007ff8ed897000 	C:\Users\Parshant\.jdks\corretto-17.0.14\bin\jsvml.dll
0x00007ff934df0000 - 0x00007ff935686000 	C:\WINDOWS\System32\SHELL32.dll
0x00007ff933840000 - 0x00007ff93397f000 	C:\WINDOWS\System32\wintypes.dll
0x00007ff930e50000 - 0x00007ff93176a000 	C:\WINDOWS\SYSTEM32\windows.storage.dll
0x00007ff935690000 - 0x00007ff93579a000 	C:\WINDOWS\System32\SHCORE.dll
0x00007ff934a00000 - 0x00007ff934a63000 	C:\WINDOWS\System32\shlwapi.dll
0x00007ff932e40000 - 0x00007ff932e6b000 	C:\WINDOWS\SYSTEM32\profapi.dll
0x00007ff91e300000 - 0x00007ff91e319000 	C:\Users\Parshant\.jdks\corretto-17.0.14\bin\net.dll
0x00007ff92dc10000 - 0x00007ff92dd3c000 	C:\WINDOWS\SYSTEM32\WINHTTP.dll
0x00007ff9324b0000 - 0x00007ff93251a000 	C:\WINDOWS\system32\mswsock.dll
0x00007ff91e2e0000 - 0x00007ff91e2f6000 	C:\Users\Parshant\.jdks\corretto-17.0.14\bin\nio.dll
0x00007ff91e320000 - 0x00007ff91e338000 	C:\Users\Parshant\.jdks\corretto-17.0.14\bin\zip.dll
0x00007ff9253c0000 - 0x00007ff9253d0000 	C:\Users\Parshant\.jdks\corretto-17.0.14\bin\verify.dll

dbghelp: loaded successfully - version: 4.0.5 - missing functions: none
symbol engine: initialized successfully - sym options: 0x614 - pdb path: .;C:\Users\Parshant\.jdks\corretto-17.0.14\bin;C:\WINDOWS\SYSTEM32;C:\WINDOWS\WinSxS\amd64_microsoft.windows.common-controls_6595b64144ccf1df_6.0.22621.5124_none_270e8f4f7386d69d;C:\Users\Parshant\.jdks\corretto-17.0.14\bin\server

VM Arguments:
java_command: org.jetbrains.kotlin.cli.jvm.K2JVMCompiler @G:\Andoid Projects\Tradeveil Project\Source Code\Tradeveil\app\build\20250329_10149261559937990943.compiler.options
java_class_path (initial): C:\Users\Parshant\.gradle\caches\modules-2\files-2.1\org.jetbrains.kotlin\kotlin-compiler-embeddable\1.9.24\78dab849090e6c5e2eadb6e59a11cdc28fb67a08\kotlin-compiler-embeddable-1.9.24.jar;C:\Users\Parshant\.gradle\caches\modules-2\files-2.1\org.jetbrains.kotlin\kotlin-stdlib\1.9.24\9928532f12c66ad816a625b3f9984f8368ca6d2b\kotlin-stdlib-1.9.24.jar;C:\Users\Parshant\.gradle\caches\modules-2\files-2.1\org.jetbrains.kotlin\kotlin-script-runtime\1.9.24\96771497da90fbc5af1c90fce148db2595a62502\kotlin-script-runtime-1.9.24.jar;C:\Users\Parshant\.gradle\caches\modules-2\files-2.1\org.jetbrains.kotlin\kotlin-reflect\1.6.10\1cbe9c92c12a94eea200d23c2bbaedaf3daf5132\kotlin-reflect-1.6.10.jar;C:\Users\Parshant\.gradle\caches\modules-2\files-2.1\org.jetbrains.kotlin\kotlin-daemon-embeddable\1.9.24\86685b9c5e8d170925bd9ddbdc263374a6a73281\kotlin-daemon-embeddable-1.9.24.jar;C:\Users\Parshant\.gradle\caches\modules-2\files-2.1\org.jetbrains.intellij.deps\trove4j\1.0.20200330\3afb14d5f9ceb459d724e907a21145e8ff394f02\trove4j-1.0.20200330.jar;C:\Users\Parshant\.gradle\caches\modules-2\files-2.1\org.jetbrains\annotations\13.0\919f0dfe192fb4e063e7dacadee7f8bb9a2672a9\annotations-13.0.jar
Launcher Type: SUN_STANDARD

[Global flags]
     intx CICompilerCount                          = 4                                         {product} {ergonomic}
     uint ConcGCThreads                            = 2                                         {product} {ergonomic}
     uint G1ConcRefinementThreads                  = 8                                         {product} {ergonomic}
   size_t G1HeapRegionSize                         = 1048576                                   {product} {ergonomic}
    uintx GCDrainStackTargetSize                   = 64                                        {product} {ergonomic}
   size_t InitialHeapSize                          = 132120576                                 {product} {ergonomic}
   size_t MarkStackSize                            = 4194304                                   {product} {ergonomic}
   size_t MaxHeapSize                              = 2097152000                                {product} {ergonomic}
   size_t MaxNewSize                               = 1258291200                                {product} {ergonomic}
   size_t MinHeapDeltaBytes                        = 1048576                                   {product} {ergonomic}
   size_t MinHeapSize                              = 8388608                                   {product} {ergonomic}
    uintx NonNMethodCodeHeapSize                   = 5839372                                {pd product} {ergonomic}
    uintx NonProfiledCodeHeapSize                  = 122909434                              {pd product} {ergonomic}
    uintx ProfiledCodeHeapSize                     = 122909434                              {pd product} {ergonomic}
    uintx ReservedCodeCacheSize                    = 251658240                              {pd product} {ergonomic}
     bool SegmentedCodeCache                       = true                                      {product} {ergonomic}
   size_t SoftMaxHeapSize                          = 2097152000                             {manageable} {ergonomic}
     bool UseCompressedClassPointers               = true                           {product lp64_product} {ergonomic}
     bool UseCompressedOops                        = true                           {product lp64_product} {ergonomic}
     bool UseG1GC                                  = true                                      {product} {ergonomic}
     bool UseLargePagesIndividualAllocation        = false                                  {pd product} {ergonomic}

Logging:
Log output configuration:
 #0: stdout all=warning uptime,level,tags
 #1: stderr all=off uptime,level,tags

Environment Variables:
PATH=C:\Program Files (x86)\Common Files\Intel\Shared Libraries\redist\intel64\compiler;C:\WINDOWS\system32;C:\WINDOWS;C:\WINDOWS\System32\Wbem;C:\WINDOWS\System32\WindowsPowerShell\v1.0\;C:\WINDOWS\System32\OpenSSH\;C:\Users\Parshant\AppData\Local\Microsoft\WindowsApps;G:\Microsoft VS Code\Microsoft VS Code\bin;C:\Users\Parshant\AppData\Local\Programs\cursor\resources\app\bin
USERNAME=Parshant
OS=Windows_NT
PROCESSOR_IDENTIFIER=Intel64 Family 6 Model 142 Stepping 12, GenuineIntel
TMP=C:\Users\Parshant\AppData\Local\Temp
TEMP=C:\Users\Parshant\AppData\Local\Temp



Periodic native trim disabled


---------------  S Y S T E M  ---------------

OS:
 Windows 11 , 64 bit Build 22621 (10.0.22621.5124)
OS uptime: 3 days 0:07 hours

CPU: total 8 (initial active 8) (4 cores per cpu, 2 threads per core) family 6 model 142 stepping 12 microcode 0xf8, cx8, cmov, fxsr, ht, mmx, 3dnowpref, sse, sse2, sse3, ssse3, sse4.1, sse4.2, popcnt, lzcnt, tsc, tscinvbit, avx, avx2, aes, erms, clmul, bmi1, bmi2, adx, fma, vzeroupper, clflush, clflushopt
Processor Information for all 8 processors :
  Max Mhz: 1896, Current Mhz: 1596, Mhz Limit: 1592

Memory: 4k page, system-wide physical 7998M (264M free)
TotalPageFile size 16190M (AvailPageFile size 5M)
current process WorkingSet (physical memory assigned to process): 308M, peak: 309M
current process commit charge ("private bytes"): 351M, peak: 352M

vm_info: OpenJDK 64-Bit Server VM (17.0.14+7-LTS) for windows-amd64 JRE (17.0.14+7-LTS), built on Jan  7 2025 20:14:24 by "Administrator" with MS VC++ 16.10 / 16.11 (VS2019)

END.
